Analysis & Synthesis report for fsm_saler
Fri Apr 01 16:48:31 2022
Quartus Prime Version 18.1.0 Build 625 09/12/2018 SJ Standard Edition


---------------------
; Table of Contents ;
---------------------
  1. Legal Notice
  2. Analysis & Synthesis Summary
  3. Analysis & Synthesis Settings
  4. Parallel Compilation
  5. Analysis & Synthesis Source Files Read
  6. Analysis & Synthesis Resource Usage Summary
  7. Analysis & Synthesis Resource Utilization by Entity
  8. State Machine - |fsm_saler|control:u_control|state_c
  9. State Machine - |fsm_saler|key_filter:u_key_filter|state_c
 10. Registers Removed During Synthesis
 11. Removed Registers Triggering Further Register Optimizations
 12. General Register Statistics
 13. Inverted Register Statistics
 14. Multiplexer Restructuring Statistics (Restructuring Performed)
 15. Parameter Settings for User Entity Instance: key_filter:u_key_filter
 16. Parameter Settings for User Entity Instance: control:u_control
 17. Parameter Settings for User Entity Instance: seg_driver:u_seg_driver
 18. Parameter Settings for User Entity Instance: beep_driver:u_beep_driver
 19. Parameter Settings for Inferred Entity Instance: control:u_control|lpm_divide:Div1
 20. Parameter Settings for Inferred Entity Instance: control:u_control|lpm_divide:Div0
 21. Parameter Settings for Inferred Entity Instance: control:u_control|lpm_divide:Mod1
 22. Parameter Settings for Inferred Entity Instance: control:u_control|lpm_divide:Div2
 23. Parameter Settings for Inferred Entity Instance: control:u_control|lpm_divide:Mod3
 24. Parameter Settings for Inferred Entity Instance: control:u_control|lpm_divide:Mod2
 25. Parameter Settings for Inferred Entity Instance: control:u_control|lpm_divide:Mod0
 26. Parameter Settings for Inferred Entity Instance: control:u_control|lpm_divide:Div3
 27. Port Connectivity Checks: "seg_driver:u_seg_driver"
 28. Post-Synthesis Netlist Statistics for Top Partition
 29. Elapsed Time Per Partition
 30. Analysis & Synthesis Messages



----------------
; Legal Notice ;
----------------
Copyright (C) 2018  Intel Corporation. All rights reserved.
Your use of Intel Corporation's design tools, logic functions 
and other software and tools, and its AMPP partner logic 
functions, and any output files from any of the foregoing 
(including device programming or simulation files), and any 
associated documentation or information are expressly subject 
to the terms and conditions of the Intel Program License 
Subscription Agreement, the Intel Quartus Prime License Agreement,
the Intel FPGA IP License Agreement, or other applicable license
agreement, including, without limitation, that your use is for
the sole purpose of programming logic devices manufactured by
Intel and sold by Intel or its authorized distributors.  Please
refer to the applicable agreement for further details.



+--------------------------------------------------------------------------------------+
; Analysis & Synthesis Summary                                                         ;
+------------------------------------+-------------------------------------------------+
; Analysis & Synthesis Status        ; Successful - Fri Apr 01 16:48:31 2022           ;
; Quartus Prime Version              ; 18.1.0 Build 625 09/12/2018 SJ Standard Edition ;
; Revision Name                      ; fsm_saler                                       ;
; Top-level Entity Name              ; fsm_saler                                       ;
; Family                             ; Cyclone IV E                                    ;
; Total logic elements               ; 686                                             ;
;     Total combinational functions  ; 673                                             ;
;     Dedicated logic registers      ; 189                                             ;
; Total registers                    ; 189                                             ;
; Total pins                         ; 24                                              ;
; Total virtual pins                 ; 0                                               ;
; Total memory bits                  ; 0                                               ;
; Embedded Multiplier 9-bit elements ; 0                                               ;
; Total PLLs                         ; 0                                               ;
+------------------------------------+-------------------------------------------------+


+------------------------------------------------------------------------------------------------------------+
; Analysis & Synthesis Settings                                                                              ;
+------------------------------------------------------------------+--------------------+--------------------+
; Option                                                           ; Setting            ; Default Value      ;
+------------------------------------------------------------------+--------------------+--------------------+
; Device                                                           ; EP4CE6F17C8        ;                    ;
; Top-level entity name                                            ; fsm_saler          ; fsm_saler          ;
; Family name                                                      ; Cyclone IV E       ; Cyclone V          ;
; Use smart compilation                                            ; Off                ; Off                ;
; Enable parallel Assembler and Timing Analyzer during compilation ; On                 ; On                 ;
; Enable compact report table                                      ; Off                ; Off                ;
; Restructure Multiplexers                                         ; Auto               ; Auto               ;
; Create Debugging Nodes for IP Cores                              ; Off                ; Off                ;
; Preserve fewer node names                                        ; On                 ; On                 ;
; Intel FPGA IP Evaluation Mode                                    ; Enable             ; Enable             ;
; Verilog Version                                                  ; Verilog_2001       ; Verilog_2001       ;
; VHDL Version                                                     ; VHDL_1993          ; VHDL_1993          ;
; State Machine Processing                                         ; Auto               ; Auto               ;
; Safe State Machine                                               ; Off                ; Off                ;
; Extract Verilog State Machines                                   ; On                 ; On                 ;
; Extract VHDL State Machines                                      ; On                 ; On                 ;
; Ignore Verilog initial constructs                                ; Off                ; Off                ;
; Iteration limit for constant Verilog loops                       ; 5000               ; 5000               ;
; Iteration limit for non-constant Verilog loops                   ; 250                ; 250                ;
; Add Pass-Through Logic to Inferred RAMs                          ; On                 ; On                 ;
; Infer RAMs from Raw Logic                                        ; On                 ; On                 ;
; Parallel Synthesis                                               ; On                 ; On                 ;
; DSP Block Balancing                                              ; Auto               ; Auto               ;
; NOT Gate Push-Back                                               ; On                 ; On                 ;
; Power-Up Don't Care                                              ; On                 ; On                 ;
; Remove Redundant Logic Cells                                     ; Off                ; Off                ;
; Remove Duplicate Registers                                       ; On                 ; On                 ;
; Ignore CARRY Buffers                                             ; Off                ; Off                ;
; Ignore CASCADE Buffers                                           ; Off                ; Off                ;
; Ignore GLOBAL Buffers                                            ; Off                ; Off                ;
; Ignore ROW GLOBAL Buffers                                        ; Off                ; Off                ;
; Ignore LCELL Buffers                                             ; Off                ; Off                ;
; Ignore SOFT Buffers                                              ; On                 ; On                 ;
; Limit AHDL Integers to 32 Bits                                   ; Off                ; Off                ;
; Optimization Technique                                           ; Balanced           ; Balanced           ;
; Carry Chain Length                                               ; 70                 ; 70                 ;
; Auto Carry Chains                                                ; On                 ; On                 ;
; Auto Open-Drain Pins                                             ; On                 ; On                 ;
; Perform WYSIWYG Primitive Resynthesis                            ; Off                ; Off                ;
; Auto ROM Replacement                                             ; On                 ; On                 ;
; Auto RAM Replacement                                             ; On                 ; On                 ;
; Auto DSP Block Replacement                                       ; On                 ; On                 ;
; Auto Shift Register Replacement                                  ; Auto               ; Auto               ;
; Allow Shift Register Merging across Hierarchies                  ; Auto               ; Auto               ;
; Auto Clock Enable Replacement                                    ; On                 ; On                 ;
; Strict RAM Replacement                                           ; Off                ; Off                ;
; Allow Synchronous Control Signals                                ; On                 ; On                 ;
; Force Use of Synchronous Clear Signals                           ; Off                ; Off                ;
; Auto RAM Block Balancing                                         ; On                 ; On                 ;
; Auto RAM to Logic Cell Conversion                                ; Off                ; Off                ;
; Auto Resource Sharing                                            ; Off                ; Off                ;
; Allow Any RAM Size For Recognition                               ; Off                ; Off                ;
; Allow Any ROM Size For Recognition                               ; Off                ; Off                ;
; Allow Any Shift Register Size For Recognition                    ; Off                ; Off                ;
; Use LogicLock Constraints during Resource Balancing              ; On                 ; On                 ;
; Ignore translate_off and synthesis_off directives                ; Off                ; Off                ;
; Timing-Driven Synthesis                                          ; On                 ; On                 ;
; Report Parameter Settings                                        ; On                 ; On                 ;
; Report Source Assignments                                        ; On                 ; On                 ;
; Report Connectivity Checks                                       ; On                 ; On                 ;
; Ignore Maximum Fan-Out Assignments                               ; Off                ; Off                ;
; Synchronization Register Chain Length                            ; 2                  ; 2                  ;
; Power Optimization During Synthesis                              ; Normal compilation ; Normal compilation ;
; HDL message level                                                ; Level2             ; Level2             ;
; Suppress Register Optimization Related Messages                  ; Off                ; Off                ;
; Number of Removed Registers Reported in Synthesis Report         ; 5000               ; 5000               ;
; Number of Swept Nodes Reported in Synthesis Report               ; 5000               ; 5000               ;
; Number of Inverted Registers Reported in Synthesis Report        ; 100                ; 100                ;
; Clock MUX Protection                                             ; On                 ; On                 ;
; Auto Gated Clock Conversion                                      ; Off                ; Off                ;
; Block Design Naming                                              ; Auto               ; Auto               ;
; SDC constraint protection                                        ; Off                ; Off                ;
; Synthesis Effort                                                 ; Auto               ; Auto               ;
; Shift Register Replacement - Allow Asynchronous Clear Signal     ; On                 ; On                 ;
; Pre-Mapping Resynthesis Optimization                             ; Off                ; Off                ;
; Analysis & Synthesis Message Level                               ; Medium             ; Medium             ;
; Disable Register Merging Across Hierarchies                      ; Auto               ; Auto               ;
; Resource Aware Inference For Block RAM                           ; On                 ; On                 ;
+------------------------------------------------------------------+--------------------+--------------------+


+------------------------------------------+
; Parallel Compilation                     ;
+----------------------------+-------------+
; Processors                 ; Number      ;
+----------------------------+-------------+
; Number detected on machine ; 8           ;
; Maximum allowed            ; 4           ;
;                            ;             ;
; Average used               ; 1.00        ;
; Maximum used               ; 4           ;
;                            ;             ;
; Usage by Processor         ; % Time Used ;
;     Processor 1            ; 100.0%      ;
;     Processors 2-4         ;   0.0%      ;
+----------------------------+-------------+


+----------------------------------------------------------------------------------------------------------------------------------------------------------------------+
; Analysis & Synthesis Source Files Read                                                                                                                               ;
+----------------------------------+-----------------+------------------------------+------------------------------------------------------------------------+---------+
; File Name with User-Entered Path ; Used in Netlist ; File Type                    ; File Name with Absolute Path                                           ; Library ;
+----------------------------------+-----------------+------------------------------+------------------------------------------------------------------------+---------+
; ../rtl/key_filter.v              ; yes             ; User Verilog HDL File        ; C:/Users/TX/Desktop/fsm_saler/rtl/key_filter.v                         ;         ;
; ../rtl/beep_driver.v             ; yes             ; User Verilog HDL File        ; C:/Users/TX/Desktop/fsm_saler/rtl/beep_driver.v                        ;         ;
; ../rtl/seg_driver.v              ; yes             ; User Verilog HDL File        ; C:/Users/TX/Desktop/fsm_saler/rtl/seg_driver.v                         ;         ;
; ../rtl/fsm_saler.v               ; yes             ; User Verilog HDL File        ; C:/Users/TX/Desktop/fsm_saler/rtl/fsm_saler.v                          ;         ;
; ../rtl/control.v                 ; yes             ; User Verilog HDL File        ; C:/Users/TX/Desktop/fsm_saler/rtl/control.v                            ;         ;
; lpm_divide.tdf                   ; yes             ; Megafunction                 ; d:/intel_fpga/18.1/quartus/libraries/megafunctions/lpm_divide.tdf      ;         ;
; abs_divider.inc                  ; yes             ; Megafunction                 ; d:/intel_fpga/18.1/quartus/libraries/megafunctions/abs_divider.inc     ;         ;
; sign_div_unsign.inc              ; yes             ; Megafunction                 ; d:/intel_fpga/18.1/quartus/libraries/megafunctions/sign_div_unsign.inc ;         ;
; aglobal181.inc                   ; yes             ; Megafunction                 ; d:/intel_fpga/18.1/quartus/libraries/megafunctions/aglobal181.inc      ;         ;
; db/lpm_divide_mhm.tdf            ; yes             ; Auto-Generated Megafunction  ; C:/Users/TX/Desktop/fsm_saler/prj/db/lpm_divide_mhm.tdf                ;         ;
; db/sign_div_unsign_ekh.tdf       ; yes             ; Auto-Generated Megafunction  ; C:/Users/TX/Desktop/fsm_saler/prj/db/sign_div_unsign_ekh.tdf           ;         ;
; db/alt_u_div_g4f.tdf             ; yes             ; Auto-Generated Megafunction  ; C:/Users/TX/Desktop/fsm_saler/prj/db/alt_u_div_g4f.tdf                 ;         ;
; db/add_sub_7pc.tdf               ; yes             ; Auto-Generated Megafunction  ; C:/Users/TX/Desktop/fsm_saler/prj/db/add_sub_7pc.tdf                   ;         ;
; db/add_sub_8pc.tdf               ; yes             ; Auto-Generated Megafunction  ; C:/Users/TX/Desktop/fsm_saler/prj/db/add_sub_8pc.tdf                   ;         ;
; db/lpm_divide_jhm.tdf            ; yes             ; Auto-Generated Megafunction  ; C:/Users/TX/Desktop/fsm_saler/prj/db/lpm_divide_jhm.tdf                ;         ;
; db/sign_div_unsign_bkh.tdf       ; yes             ; Auto-Generated Megafunction  ; C:/Users/TX/Desktop/fsm_saler/prj/db/sign_div_unsign_bkh.tdf           ;         ;
; db/alt_u_div_a4f.tdf             ; yes             ; Auto-Generated Megafunction  ; C:/Users/TX/Desktop/fsm_saler/prj/db/alt_u_div_a4f.tdf                 ;         ;
; db/lpm_divide_m9m.tdf            ; yes             ; Auto-Generated Megafunction  ; C:/Users/TX/Desktop/fsm_saler/prj/db/lpm_divide_m9m.tdf                ;         ;
+----------------------------------+-----------------+------------------------------+------------------------------------------------------------------------+---------+


+-------------------------------------------------------------+
; Analysis & Synthesis Resource Usage Summary                 ;
+---------------------------------------------+---------------+
; Resource                                    ; Usage         ;
+---------------------------------------------+---------------+
; Estimated Total logic elements              ; 686           ;
;                                             ;               ;
; Total combinational functions               ; 673           ;
; Logic element usage by number of LUT inputs ;               ;
;     -- 4 input functions                    ; 197           ;
;     -- 3 input functions                    ; 140           ;
;     -- <=2 input functions                  ; 336           ;
;                                             ;               ;
; Logic elements by mode                      ;               ;
;     -- normal mode                          ; 450           ;
;     -- arithmetic mode                      ; 223           ;
;                                             ;               ;
; Total registers                             ; 189           ;
;     -- Dedicated logic registers            ; 189           ;
;     -- I/O registers                        ; 0             ;
;                                             ;               ;
; I/O pins                                    ; 24            ;
;                                             ;               ;
; Embedded Multiplier 9-bit elements          ; 0             ;
;                                             ;               ;
; Maximum fan-out node                        ; sys_clk~input ;
; Maximum fan-out                             ; 189           ;
; Total fan-out                               ; 2498          ;
; Average fan-out                             ; 2.75          ;
+---------------------------------------------+---------------+


+------------------------------------------------------------------------------------------------------------------------------------------------------------------------------------------------------------------------------------------------------------------------------------------------------------------------------------------+
; Analysis & Synthesis Resource Utilization by Entity                                                                                                                                                                                                                                                                                      ;
+-------------------------------------------+---------------------+---------------------------+-------------+--------------+---------+-----------+------+--------------+------------------------------------------------------------------------------------------------------------------------------+---------------------+--------------+
; Compilation Hierarchy Node                ; Combinational ALUTs ; Dedicated Logic Registers ; Memory Bits ; DSP Elements ; DSP 9x9 ; DSP 18x18 ; Pins ; Virtual Pins ; Full Hierarchy Name                                                                                                          ; Entity Name         ; Library Name ;
+-------------------------------------------+---------------------+---------------------------+-------------+--------------+---------+-----------+------+--------------+------------------------------------------------------------------------------------------------------------------------------+---------------------+--------------+
; |fsm_saler                                ; 673 (0)             ; 189 (0)                   ; 0           ; 0            ; 0       ; 0         ; 24   ; 0            ; |fsm_saler                                                                                                                   ; fsm_saler           ; work         ;
;    |beep_driver:u_beep_driver|            ; 45 (45)             ; 32 (32)                   ; 0           ; 0            ; 0       ; 0         ; 0    ; 0            ; |fsm_saler|beep_driver:u_beep_driver                                                                                         ; beep_driver         ; work         ;
;    |control:u_control|                    ; 492 (181)           ; 88 (88)                   ; 0           ; 0            ; 0       ; 0         ; 0    ; 0            ; |fsm_saler|control:u_control                                                                                                 ; control             ; work         ;
;       |lpm_divide:Div0|                   ; 56 (0)              ; 0 (0)                     ; 0           ; 0            ; 0       ; 0         ; 0    ; 0            ; |fsm_saler|control:u_control|lpm_divide:Div0                                                                                 ; lpm_divide          ; work         ;
;          |lpm_divide_jhm:auto_generated|  ; 56 (0)              ; 0 (0)                     ; 0           ; 0            ; 0       ; 0         ; 0    ; 0            ; |fsm_saler|control:u_control|lpm_divide:Div0|lpm_divide_jhm:auto_generated                                                   ; lpm_divide_jhm      ; work         ;
;             |sign_div_unsign_bkh:divider| ; 56 (0)              ; 0 (0)                     ; 0           ; 0            ; 0       ; 0         ; 0    ; 0            ; |fsm_saler|control:u_control|lpm_divide:Div0|lpm_divide_jhm:auto_generated|sign_div_unsign_bkh:divider                       ; sign_div_unsign_bkh ; work         ;
;                |alt_u_div_a4f:divider|    ; 56 (56)             ; 0 (0)                     ; 0           ; 0            ; 0       ; 0         ; 0    ; 0            ; |fsm_saler|control:u_control|lpm_divide:Div0|lpm_divide_jhm:auto_generated|sign_div_unsign_bkh:divider|alt_u_div_a4f:divider ; alt_u_div_a4f       ; work         ;
;       |lpm_divide:Div1|                   ; 25 (0)              ; 0 (0)                     ; 0           ; 0            ; 0       ; 0         ; 0    ; 0            ; |fsm_saler|control:u_control|lpm_divide:Div1                                                                                 ; lpm_divide          ; work         ;
;          |lpm_divide_mhm:auto_generated|  ; 25 (0)              ; 0 (0)                     ; 0           ; 0            ; 0       ; 0         ; 0    ; 0            ; |fsm_saler|control:u_control|lpm_divide:Div1|lpm_divide_mhm:auto_generated                                                   ; lpm_divide_mhm      ; work         ;
;             |sign_div_unsign_ekh:divider| ; 25 (0)              ; 0 (0)                     ; 0           ; 0            ; 0       ; 0         ; 0    ; 0            ; |fsm_saler|control:u_control|lpm_divide:Div1|lpm_divide_mhm:auto_generated|sign_div_unsign_ekh:divider                       ; sign_div_unsign_ekh ; work         ;
;                |alt_u_div_g4f:divider|    ; 25 (25)             ; 0 (0)                     ; 0           ; 0            ; 0       ; 0         ; 0    ; 0            ; |fsm_saler|control:u_control|lpm_divide:Div1|lpm_divide_mhm:auto_generated|sign_div_unsign_ekh:divider|alt_u_div_g4f:divider ; alt_u_div_g4f       ; work         ;
;       |lpm_divide:Div2|                   ; 56 (0)              ; 0 (0)                     ; 0           ; 0            ; 0       ; 0         ; 0    ; 0            ; |fsm_saler|control:u_control|lpm_divide:Div2                                                                                 ; lpm_divide          ; work         ;
;          |lpm_divide_jhm:auto_generated|  ; 56 (0)              ; 0 (0)                     ; 0           ; 0            ; 0       ; 0         ; 0    ; 0            ; |fsm_saler|control:u_control|lpm_divide:Div2|lpm_divide_jhm:auto_generated                                                   ; lpm_divide_jhm      ; work         ;
;             |sign_div_unsign_bkh:divider| ; 56 (0)              ; 0 (0)                     ; 0           ; 0            ; 0       ; 0         ; 0    ; 0            ; |fsm_saler|control:u_control|lpm_divide:Div2|lpm_divide_jhm:auto_generated|sign_div_unsign_bkh:divider                       ; sign_div_unsign_bkh ; work         ;
;                |alt_u_div_a4f:divider|    ; 56 (56)             ; 0 (0)                     ; 0           ; 0            ; 0       ; 0         ; 0    ; 0            ; |fsm_saler|control:u_control|lpm_divide:Div2|lpm_divide_jhm:auto_generated|sign_div_unsign_bkh:divider|alt_u_div_a4f:divider ; alt_u_div_a4f       ; work         ;
;       |lpm_divide:Div3|                   ; 25 (0)              ; 0 (0)                     ; 0           ; 0            ; 0       ; 0         ; 0    ; 0            ; |fsm_saler|control:u_control|lpm_divide:Div3                                                                                 ; lpm_divide          ; work         ;
;          |lpm_divide_mhm:auto_generated|  ; 25 (0)              ; 0 (0)                     ; 0           ; 0            ; 0       ; 0         ; 0    ; 0            ; |fsm_saler|control:u_control|lpm_divide:Div3|lpm_divide_mhm:auto_generated                                                   ; lpm_divide_mhm      ; work         ;
;             |sign_div_unsign_ekh:divider| ; 25 (0)              ; 0 (0)                     ; 0           ; 0            ; 0       ; 0         ; 0    ; 0            ; |fsm_saler|control:u_control|lpm_divide:Div3|lpm_divide_mhm:auto_generated|sign_div_unsign_ekh:divider                       ; sign_div_unsign_ekh ; work         ;
;                |alt_u_div_g4f:divider|    ; 25 (25)             ; 0 (0)                     ; 0           ; 0            ; 0       ; 0         ; 0    ; 0            ; |fsm_saler|control:u_control|lpm_divide:Div3|lpm_divide_mhm:auto_generated|sign_div_unsign_ekh:divider|alt_u_div_g4f:divider ; alt_u_div_g4f       ; work         ;
;       |lpm_divide:Mod0|                   ; 56 (0)              ; 0 (0)                     ; 0           ; 0            ; 0       ; 0         ; 0    ; 0            ; |fsm_saler|control:u_control|lpm_divide:Mod0                                                                                 ; lpm_divide          ; work         ;
;          |lpm_divide_m9m:auto_generated|  ; 56 (0)              ; 0 (0)                     ; 0           ; 0            ; 0       ; 0         ; 0    ; 0            ; |fsm_saler|control:u_control|lpm_divide:Mod0|lpm_divide_m9m:auto_generated                                                   ; lpm_divide_m9m      ; work         ;
;             |sign_div_unsign_bkh:divider| ; 56 (0)              ; 0 (0)                     ; 0           ; 0            ; 0       ; 0         ; 0    ; 0            ; |fsm_saler|control:u_control|lpm_divide:Mod0|lpm_divide_m9m:auto_generated|sign_div_unsign_bkh:divider                       ; sign_div_unsign_bkh ; work         ;
;                |alt_u_div_a4f:divider|    ; 56 (56)             ; 0 (0)                     ; 0           ; 0            ; 0       ; 0         ; 0    ; 0            ; |fsm_saler|control:u_control|lpm_divide:Mod0|lpm_divide_m9m:auto_generated|sign_div_unsign_bkh:divider|alt_u_div_a4f:divider ; alt_u_div_a4f       ; work         ;
;       |lpm_divide:Mod1|                   ; 18 (0)              ; 0 (0)                     ; 0           ; 0            ; 0       ; 0         ; 0    ; 0            ; |fsm_saler|control:u_control|lpm_divide:Mod1                                                                                 ; lpm_divide          ; work         ;
;          |lpm_divide_m9m:auto_generated|  ; 18 (0)              ; 0 (0)                     ; 0           ; 0            ; 0       ; 0         ; 0    ; 0            ; |fsm_saler|control:u_control|lpm_divide:Mod1|lpm_divide_m9m:auto_generated                                                   ; lpm_divide_m9m      ; work         ;
;             |sign_div_unsign_bkh:divider| ; 18 (0)              ; 0 (0)                     ; 0           ; 0            ; 0       ; 0         ; 0    ; 0            ; |fsm_saler|control:u_control|lpm_divide:Mod1|lpm_divide_m9m:auto_generated|sign_div_unsign_bkh:divider                       ; sign_div_unsign_bkh ; work         ;
;                |alt_u_div_a4f:divider|    ; 18 (18)             ; 0 (0)                     ; 0           ; 0            ; 0       ; 0         ; 0    ; 0            ; |fsm_saler|control:u_control|lpm_divide:Mod1|lpm_divide_m9m:auto_generated|sign_div_unsign_bkh:divider|alt_u_div_a4f:divider ; alt_u_div_a4f       ; work         ;
;       |lpm_divide:Mod2|                   ; 57 (0)              ; 0 (0)                     ; 0           ; 0            ; 0       ; 0         ; 0    ; 0            ; |fsm_saler|control:u_control|lpm_divide:Mod2                                                                                 ; lpm_divide          ; work         ;
;          |lpm_divide_m9m:auto_generated|  ; 57 (0)              ; 0 (0)                     ; 0           ; 0            ; 0       ; 0         ; 0    ; 0            ; |fsm_saler|control:u_control|lpm_divide:Mod2|lpm_divide_m9m:auto_generated                                                   ; lpm_divide_m9m      ; work         ;
;             |sign_div_unsign_bkh:divider| ; 57 (0)              ; 0 (0)                     ; 0           ; 0            ; 0       ; 0         ; 0    ; 0            ; |fsm_saler|control:u_control|lpm_divide:Mod2|lpm_divide_m9m:auto_generated|sign_div_unsign_bkh:divider                       ; sign_div_unsign_bkh ; work         ;
;                |alt_u_div_a4f:divider|    ; 57 (57)             ; 0 (0)                     ; 0           ; 0            ; 0       ; 0         ; 0    ; 0            ; |fsm_saler|control:u_control|lpm_divide:Mod2|lpm_divide_m9m:auto_generated|sign_div_unsign_bkh:divider|alt_u_div_a4f:divider ; alt_u_div_a4f       ; work         ;
;       |lpm_divide:Mod3|                   ; 18 (0)              ; 0 (0)                     ; 0           ; 0            ; 0       ; 0         ; 0    ; 0            ; |fsm_saler|control:u_control|lpm_divide:Mod3                                                                                 ; lpm_divide          ; work         ;
;          |lpm_divide_m9m:auto_generated|  ; 18 (0)              ; 0 (0)                     ; 0           ; 0            ; 0       ; 0         ; 0    ; 0            ; |fsm_saler|control:u_control|lpm_divide:Mod3|lpm_divide_m9m:auto_generated                                                   ; lpm_divide_m9m      ; work         ;
;             |sign_div_unsign_bkh:divider| ; 18 (0)              ; 0 (0)                     ; 0           ; 0            ; 0       ; 0         ; 0    ; 0            ; |fsm_saler|control:u_control|lpm_divide:Mod3|lpm_divide_m9m:auto_generated|sign_div_unsign_bkh:divider                       ; sign_div_unsign_bkh ; work         ;
;                |alt_u_div_a4f:divider|    ; 18 (18)             ; 0 (0)                     ; 0           ; 0            ; 0       ; 0         ; 0    ; 0            ; |fsm_saler|control:u_control|lpm_divide:Mod3|lpm_divide_m9m:auto_generated|sign_div_unsign_bkh:divider|alt_u_div_a4f:divider ; alt_u_div_a4f       ; work         ;
;    |key_filter:u_key_filter|              ; 64 (64)             ; 36 (36)                   ; 0           ; 0            ; 0       ; 0         ; 0    ; 0            ; |fsm_saler|key_filter:u_key_filter                                                                                           ; key_filter          ; work         ;
;    |seg_driver:u_seg_driver|              ; 72 (72)             ; 33 (33)                   ; 0           ; 0            ; 0       ; 0         ; 0    ; 0            ; |fsm_saler|seg_driver:u_seg_driver                                                                                           ; seg_driver          ; work         ;
+-------------------------------------------+---------------------+---------------------------+-------------+--------------+---------+-----------+------+--------------+------------------------------------------------------------------------------------------------------------------------------+---------------------+--------------+
Note: For table entries with two numbers listed, the numbers in parentheses indicate the number of resources of the given type used by the specific entity alone. The numbers listed outside of parentheses indicate the total resources of the given type used by the specific entity and all of its sub-entities in the hierarchy.


Encoding Type:  One-Hot
+----------------------------------------------------------------------------------------------+
; State Machine - |fsm_saler|control:u_control|state_c                                         ;
+----------------+--------------+-------------+----------------+----------------+--------------+
; Name           ; state_c.WAIT ; state_c.OUT ; state_c.INCOIN ; state_c.SELECT ; state_c.IDLE ;
+----------------+--------------+-------------+----------------+----------------+--------------+
; state_c.IDLE   ; 0            ; 0           ; 0              ; 0              ; 0            ;
; state_c.SELECT ; 0            ; 0           ; 0              ; 1              ; 1            ;
; state_c.INCOIN ; 0            ; 0           ; 1              ; 0              ; 1            ;
; state_c.OUT    ; 0            ; 1           ; 0              ; 0              ; 1            ;
; state_c.WAIT   ; 1            ; 0           ; 0              ; 0              ; 1            ;
+----------------+--------------+-------------+----------------+----------------+--------------+


Encoding Type:  One-Hot
+--------------------------------------------------------------------------------------------------+
; State Machine - |fsm_saler|key_filter:u_key_filter|state_c                                       ;
+---------------------+-------------------+-------------------+---------------------+--------------+
; Name                ; state_c.FILTER_UP ; state_c.HOLD_DOWN ; state_c.FILTER_DOWN ; state_c.IDLE ;
+---------------------+-------------------+-------------------+---------------------+--------------+
; state_c.IDLE        ; 0                 ; 0                 ; 0                   ; 0            ;
; state_c.FILTER_DOWN ; 0                 ; 0                 ; 1                   ; 1            ;
; state_c.HOLD_DOWN   ; 0                 ; 1                 ; 0                   ; 1            ;
; state_c.FILTER_UP   ; 1                 ; 0                 ; 0                   ; 1            ;
+---------------------+-------------------+-------------------+---------------------+--------------+


+------------------------------------------------------------------------------------+
; Registers Removed During Synthesis                                                 ;
+---------------------------------------+--------------------------------------------+
; Register name                         ; Reason for Removal                         ;
+---------------------------------------+--------------------------------------------+
; seg_driver:u_seg_driver|point_r       ; Stuck at VCC due to stuck port data_in     ;
; seg_driver:u_seg_driver|seg_data[7]   ; Stuck at VCC due to stuck port data_in     ;
; control:u_control|dout_mask[0,1,4]    ; Merged with control:u_control|dout_mask[5] ;
; control:u_control|dout_mask[2]        ; Merged with control:u_control|dout_mask[3] ;
; control:u_control|dout[10,22]         ; Stuck at GND due to stuck port data_in     ;
; control:u_control|dout[11]            ; Merged with control:u_control|dout[23]     ;
; Total Number of Removed Registers = 9 ;                                            ;
+---------------------------------------+--------------------------------------------+


+------------------------------------------------------------------------------------------------------+
; Removed Registers Triggering Further Register Optimizations                                          ;
+---------------------------------+---------------------------+----------------------------------------+
; Register name                   ; Reason for Removal        ; Registers Removed due to This Register ;
+---------------------------------+---------------------------+----------------------------------------+
; seg_driver:u_seg_driver|point_r ; Stuck at VCC              ; seg_driver:u_seg_driver|seg_data[7]    ;
;                                 ; due to stuck port data_in ;                                        ;
+---------------------------------+---------------------------+----------------------------------------+


+------------------------------------------------------+
; General Register Statistics                          ;
+----------------------------------------------+-------+
; Statistic                                    ; Value ;
+----------------------------------------------+-------+
; Total registers                              ; 189   ;
; Number of registers using Synchronous Clear  ; 34    ;
; Number of registers using Synchronous Load   ; 9     ;
; Number of registers using Asynchronous Clear ; 189   ;
; Number of registers using Asynchronous Load  ; 0     ;
; Number of registers using Clock Enable       ; 33    ;
; Number of registers using Preset             ; 0     ;
+----------------------------------------------+-------+


+---------------------------------------------------+
; Inverted Register Statistics                      ;
+-----------------------------------------+---------+
; Inverted Register                       ; Fan out ;
+-----------------------------------------+---------+
; seg_driver:u_seg_driver|seg_sel_n[1]    ; 8       ;
; seg_driver:u_seg_driver|seg_sel_n[2]    ; 5       ;
; seg_driver:u_seg_driver|seg_sel_n[3]    ; 9       ;
; seg_driver:u_seg_driver|seg_sel_n[4]    ; 3       ;
; seg_driver:u_seg_driver|seg_sel_n[5]    ; 3       ;
; seg_driver:u_seg_driver|seg_data[0]     ; 1       ;
; seg_driver:u_seg_driver|seg_data[1]     ; 1       ;
; seg_driver:u_seg_driver|seg_data[2]     ; 1       ;
; seg_driver:u_seg_driver|seg_data[3]     ; 1       ;
; seg_driver:u_seg_driver|seg_data[4]     ; 1       ;
; seg_driver:u_seg_driver|seg_data[5]     ; 1       ;
; seg_driver:u_seg_driver|seg_data[6]     ; 1       ;
; beep_driver:u_beep_driver|beep_n        ; 2       ;
; key_filter:u_key_filter|key_in_r1[2]    ; 6       ;
; key_filter:u_key_filter|key_in_r2[0]    ; 3       ;
; key_filter:u_key_filter|key_in_r2[1]    ; 3       ;
; key_filter:u_key_filter|key_in_r1[0]    ; 3       ;
; key_filter:u_key_filter|key_in_r1[1]    ; 3       ;
; key_filter:u_key_filter|key_in_r2[2]    ; 5       ;
; control:u_control|sel_flag[0]           ; 4       ;
; key_filter:u_key_filter|key_in_r0[2]    ; 1       ;
; key_filter:u_key_filter|key_in_r0[0]    ; 1       ;
; key_filter:u_key_filter|key_in_r0[1]    ; 1       ;
; Total number of inverted registers = 23 ;         ;
+-----------------------------------------+---------+


+---------------------------------------------------------------------------------------------------------------------------------------------------------+
; Multiplexer Restructuring Statistics (Restructuring Performed)                                                                                          ;
+--------------------+-----------+---------------+----------------------+------------------------+------------+-------------------------------------------+
; Multiplexer Inputs ; Bus Width ; Baseline Area ; Area if Restructured ; Saving if Restructured ; Registered ; Example Multiplexer Output                ;
+--------------------+-----------+---------------+----------------------+------------------------+------------+-------------------------------------------+
; 3:1                ; 8 bits    ; 16 LEs        ; 8 LEs                ; 8 LEs                  ; Yes        ; |fsm_saler|control:u_control|money_in[1]  ;
; 3:1                ; 4 bits    ; 8 LEs         ; 4 LEs                ; 4 LEs                  ; Yes        ; |fsm_saler|control:u_control|num_b[1]     ;
; 3:1                ; 4 bits    ; 8 LEs         ; 4 LEs                ; 4 LEs                  ; Yes        ; |fsm_saler|control:u_control|num_a[1]     ;
; 5:1                ; 4 bits    ; 12 LEs        ; 8 LEs                ; 4 LEs                  ; Yes        ; |fsm_saler|control:u_control|led[0]       ;
; 4:1                ; 3 bits    ; 6 LEs         ; 6 LEs                ; 0 LEs                  ; Yes        ; |fsm_saler|control:u_control|dout[19]     ;
; 4:1                ; 2 bits    ; 4 LEs         ; 4 LEs                ; 0 LEs                  ; Yes        ; |fsm_saler|control:u_control|dout[1]      ;
; 4:1                ; 4 bits    ; 8 LEs         ; 8 LEs                ; 0 LEs                  ; Yes        ; |fsm_saler|control:u_control|dout[7]      ;
; 64:1               ; 4 bits    ; 168 LEs       ; 28 LEs               ; 140 LEs                ; Yes        ; |fsm_saler|seg_driver:u_seg_driver|num[3] ;
+--------------------+-----------+---------------+----------------------+------------------------+------------+-------------------------------------------+


+----------------------------------------------------------------------+
; Parameter Settings for User Entity Instance: key_filter:u_key_filter ;
+----------------+----------------------+------------------------------+
; Parameter Name ; Value                ; Type                         ;
+----------------+----------------------+------------------------------+
; DELAY_20MS     ; 11110100001001000000 ; Unsigned Binary              ;
; KEY_W          ; 3                    ; Signed Integer               ;
+----------------+----------------------+------------------------------+
Note: In order to hide this table in the UI and the text report file, please set the "Show Parameter Settings in Synthesis Report" option in "Analysis and Synthesis Settings -> More Settings" to "Off".


+----------------------------------------------------------------+
; Parameter Settings for User Entity Instance: control:u_control ;
+----------------+----------+------------------------------------+
; Parameter Name ; Value    ; Type                               ;
+----------------+----------+------------------------------------+
; TIME_1S        ; 50000000 ; Signed Integer                     ;
+----------------+----------+------------------------------------+
Note: In order to hide this table in the UI and the text report file, please set the "Show Parameter Settings in Synthesis Report" option in "Analysis and Synthesis Settings -> More Settings" to "Off".


+----------------------------------------------------------------------+
; Parameter Settings for User Entity Instance: seg_driver:u_seg_driver ;
+----------------+-------+---------------------------------------------+
; Parameter Name ; Value ; Type                                        ;
+----------------+-------+---------------------------------------------+
; SHIFT_TIME     ; 50000 ; Signed Integer                              ;
+----------------+-------+---------------------------------------------+
Note: In order to hide this table in the UI and the text report file, please set the "Show Parameter Settings in Synthesis Report" option in "Analysis and Synthesis Settings -> More Settings" to "Off".


+------------------------------------------------------------------------+
; Parameter Settings for User Entity Instance: beep_driver:u_beep_driver ;
+----------------+----------+--------------------------------------------+
; Parameter Name ; Value    ; Type                                       ;
+----------------+----------+--------------------------------------------+
; TIME_DELAY     ; 25000000 ; Signed Integer                             ;
+----------------+----------+--------------------------------------------+
Note: In order to hide this table in the UI and the text report file, please set the "Show Parameter Settings in Synthesis Report" option in "Analysis and Synthesis Settings -> More Settings" to "Off".


+------------------------------------------------------------------------------------+
; Parameter Settings for Inferred Entity Instance: control:u_control|lpm_divide:Div1 ;
+------------------------+----------------+------------------------------------------+
; Parameter Name         ; Value          ; Type                                     ;
+------------------------+----------------+------------------------------------------+
; LPM_WIDTHN             ; 8              ; Untyped                                  ;
; LPM_WIDTHD             ; 7              ; Untyped                                  ;
; LPM_NREPRESENTATION    ; UNSIGNED       ; Untyped                                  ;
; LPM_DREPRESENTATION    ; UNSIGNED       ; Untyped                                  ;
; LPM_PIPELINE           ; 0              ; Untyped                                  ;
; LPM_REMAINDERPOSITIVE  ; TRUE           ; Untyped                                  ;
; MAXIMIZE_SPEED         ; 5              ; Untyped                                  ;
; CBXI_PARAMETER         ; lpm_divide_mhm ; Untyped                                  ;
; CARRY_CHAIN            ; MANUAL         ; Untyped                                  ;
; OPTIMIZE_FOR_SPEED     ; 5              ; Untyped                                  ;
; AUTO_CARRY_CHAINS      ; ON             ; AUTO_CARRY                               ;
; IGNORE_CARRY_BUFFERS   ; OFF            ; IGNORE_CARRY                             ;
; AUTO_CASCADE_CHAINS    ; ON             ; AUTO_CASCADE                             ;
; IGNORE_CASCADE_BUFFERS ; OFF            ; IGNORE_CASCADE                           ;
+------------------------+----------------+------------------------------------------+
Note: In order to hide this table in the UI and the text report file, please set the "Show Parameter Settings in Synthesis Report" option in "Analysis and Synthesis Settings -> More Settings" to "Off".


+------------------------------------------------------------------------------------+
; Parameter Settings for Inferred Entity Instance: control:u_control|lpm_divide:Div0 ;
+------------------------+----------------+------------------------------------------+
; Parameter Name         ; Value          ; Type                                     ;
+------------------------+----------------+------------------------------------------+
; LPM_WIDTHN             ; 8              ; Untyped                                  ;
; LPM_WIDTHD             ; 4              ; Untyped                                  ;
; LPM_NREPRESENTATION    ; UNSIGNED       ; Untyped                                  ;
; LPM_DREPRESENTATION    ; UNSIGNED       ; Untyped                                  ;
; LPM_PIPELINE           ; 0              ; Untyped                                  ;
; LPM_REMAINDERPOSITIVE  ; TRUE           ; Untyped                                  ;
; MAXIMIZE_SPEED         ; 5              ; Untyped                                  ;
; CBXI_PARAMETER         ; lpm_divide_jhm ; Untyped                                  ;
; CARRY_CHAIN            ; MANUAL         ; Untyped                                  ;
; OPTIMIZE_FOR_SPEED     ; 5              ; Untyped                                  ;
; AUTO_CARRY_CHAINS      ; ON             ; AUTO_CARRY                               ;
; IGNORE_CARRY_BUFFERS   ; OFF            ; IGNORE_CARRY                             ;
; AUTO_CASCADE_CHAINS    ; ON             ; AUTO_CASCADE                             ;
; IGNORE_CASCADE_BUFFERS ; OFF            ; IGNORE_CASCADE                           ;
+------------------------+----------------+------------------------------------------+
Note: In order to hide this table in the UI and the text report file, please set the "Show Parameter Settings in Synthesis Report" option in "Analysis and Synthesis Settings -> More Settings" to "Off".


+------------------------------------------------------------------------------------+
; Parameter Settings for Inferred Entity Instance: control:u_control|lpm_divide:Mod1 ;
+------------------------+----------------+------------------------------------------+
; Parameter Name         ; Value          ; Type                                     ;
+------------------------+----------------+------------------------------------------+
; LPM_WIDTHN             ; 8              ; Untyped                                  ;
; LPM_WIDTHD             ; 4              ; Untyped                                  ;
; LPM_NREPRESENTATION    ; UNSIGNED       ; Untyped                                  ;
; LPM_DREPRESENTATION    ; UNSIGNED       ; Untyped                                  ;
; LPM_PIPELINE           ; 0              ; Untyped                                  ;
; LPM_REMAINDERPOSITIVE  ; TRUE           ; Untyped                                  ;
; MAXIMIZE_SPEED         ; 5              ; Untyped                                  ;
; CBXI_PARAMETER         ; lpm_divide_m9m ; Untyped                                  ;
; CARRY_CHAIN            ; MANUAL         ; Untyped                                  ;
; OPTIMIZE_FOR_SPEED     ; 5              ; Untyped                                  ;
; AUTO_CARRY_CHAINS      ; ON             ; AUTO_CARRY                               ;
; IGNORE_CARRY_BUFFERS   ; OFF            ; IGNORE_CARRY                             ;
; AUTO_CASCADE_CHAINS    ; ON             ; AUTO_CASCADE                             ;
; IGNORE_CASCADE_BUFFERS ; OFF            ; IGNORE_CASCADE                           ;
+------------------------+----------------+------------------------------------------+
Note: In order to hide this table in the UI and the text report file, please set the "Show Parameter Settings in Synthesis Report" option in "Analysis and Synthesis Settings -> More Settings" to "Off".


+------------------------------------------------------------------------------------+
; Parameter Settings for Inferred Entity Instance: control:u_control|lpm_divide:Div2 ;
+------------------------+----------------+------------------------------------------+
; Parameter Name         ; Value          ; Type                                     ;
+------------------------+----------------+------------------------------------------+
; LPM_WIDTHN             ; 8              ; Untyped                                  ;
; LPM_WIDTHD             ; 4              ; Untyped                                  ;
; LPM_NREPRESENTATION    ; UNSIGNED       ; Untyped                                  ;
; LPM_DREPRESENTATION    ; UNSIGNED       ; Untyped                                  ;
; LPM_PIPELINE           ; 0              ; Untyped                                  ;
; LPM_REMAINDERPOSITIVE  ; TRUE           ; Untyped                                  ;
; MAXIMIZE_SPEED         ; 5              ; Untyped                                  ;
; CBXI_PARAMETER         ; lpm_divide_jhm ; Untyped                                  ;
; CARRY_CHAIN            ; MANUAL         ; Untyped                                  ;
; OPTIMIZE_FOR_SPEED     ; 5              ; Untyped                                  ;
; AUTO_CARRY_CHAINS      ; ON             ; AUTO_CARRY                               ;
; IGNORE_CARRY_BUFFERS   ; OFF            ; IGNORE_CARRY                             ;
; AUTO_CASCADE_CHAINS    ; ON             ; AUTO_CASCADE                             ;
; IGNORE_CASCADE_BUFFERS ; OFF            ; IGNORE_CASCADE                           ;
+------------------------+----------------+------------------------------------------+
Note: In order to hide this table in the UI and the text report file, please set the "Show Parameter Settings in Synthesis Report" option in "Analysis and Synthesis Settings -> More Settings" to "Off".


+------------------------------------------------------------------------------------+
; Parameter Settings for Inferred Entity Instance: control:u_control|lpm_divide:Mod3 ;
+------------------------+----------------+------------------------------------------+
; Parameter Name         ; Value          ; Type                                     ;
+------------------------+----------------+------------------------------------------+
; LPM_WIDTHN             ; 8              ; Untyped                                  ;
; LPM_WIDTHD             ; 4              ; Untyped                                  ;
; LPM_NREPRESENTATION    ; UNSIGNED       ; Untyped                                  ;
; LPM_DREPRESENTATION    ; UNSIGNED       ; Untyped                                  ;
; LPM_PIPELINE           ; 0              ; Untyped                                  ;
; LPM_REMAINDERPOSITIVE  ; TRUE           ; Untyped                                  ;
; MAXIMIZE_SPEED         ; 5              ; Untyped                                  ;
; CBXI_PARAMETER         ; lpm_divide_m9m ; Untyped                                  ;
; CARRY_CHAIN            ; MANUAL         ; Untyped                                  ;
; OPTIMIZE_FOR_SPEED     ; 5              ; Untyped                                  ;
; AUTO_CARRY_CHAINS      ; ON             ; AUTO_CARRY                               ;
; IGNORE_CARRY_BUFFERS   ; OFF            ; IGNORE_CARRY                             ;
; AUTO_CASCADE_CHAINS    ; ON             ; AUTO_CASCADE                             ;
; IGNORE_CASCADE_BUFFERS ; OFF            ; IGNORE_CASCADE                           ;
+------------------------+----------------+------------------------------------------+
Note: In order to hide this table in the UI and the text report file, please set the "Show Parameter Settings in Synthesis Report" option in "Analysis and Synthesis Settings -> More Settings" to "Off".


+------------------------------------------------------------------------------------+
; Parameter Settings for Inferred Entity Instance: control:u_control|lpm_divide:Mod2 ;
+------------------------+----------------+------------------------------------------+
; Parameter Name         ; Value          ; Type                                     ;
+------------------------+----------------+------------------------------------------+
; LPM_WIDTHN             ; 8              ; Untyped                                  ;
; LPM_WIDTHD             ; 4              ; Untyped                                  ;
; LPM_NREPRESENTATION    ; UNSIGNED       ; Untyped                                  ;
; LPM_DREPRESENTATION    ; UNSIGNED       ; Untyped                                  ;
; LPM_PIPELINE           ; 0              ; Untyped                                  ;
; LPM_REMAINDERPOSITIVE  ; TRUE           ; Untyped                                  ;
; MAXIMIZE_SPEED         ; 5              ; Untyped                                  ;
; CBXI_PARAMETER         ; lpm_divide_m9m ; Untyped                                  ;
; CARRY_CHAIN            ; MANUAL         ; Untyped                                  ;
; OPTIMIZE_FOR_SPEED     ; 5              ; Untyped                                  ;
; AUTO_CARRY_CHAINS      ; ON             ; AUTO_CARRY                               ;
; IGNORE_CARRY_BUFFERS   ; OFF            ; IGNORE_CARRY                             ;
; AUTO_CASCADE_CHAINS    ; ON             ; AUTO_CASCADE                             ;
; IGNORE_CASCADE_BUFFERS ; OFF            ; IGNORE_CASCADE                           ;
+------------------------+----------------+------------------------------------------+
Note: In order to hide this table in the UI and the text report file, please set the "Show Parameter Settings in Synthesis Report" option in "Analysis and Synthesis Settings -> More Settings" to "Off".


+------------------------------------------------------------------------------------+
; Parameter Settings for Inferred Entity Instance: control:u_control|lpm_divide:Mod0 ;
+------------------------+----------------+------------------------------------------+
; Parameter Name         ; Value          ; Type                                     ;
+------------------------+----------------+------------------------------------------+
; LPM_WIDTHN             ; 8              ; Untyped                                  ;
; LPM_WIDTHD             ; 4              ; Untyped                                  ;
; LPM_NREPRESENTATION    ; UNSIGNED       ; Untyped                                  ;
; LPM_DREPRESENTATION    ; UNSIGNED       ; Untyped                                  ;
; LPM_PIPELINE           ; 0              ; Untyped                                  ;
; LPM_REMAINDERPOSITIVE  ; TRUE           ; Untyped                                  ;
; MAXIMIZE_SPEED         ; 5              ; Untyped                                  ;
; CBXI_PARAMETER         ; lpm_divide_m9m ; Untyped                                  ;
; CARRY_CHAIN            ; MANUAL         ; Untyped                                  ;
; OPTIMIZE_FOR_SPEED     ; 5              ; Untyped                                  ;
; AUTO_CARRY_CHAINS      ; ON             ; AUTO_CARRY                               ;
; IGNORE_CARRY_BUFFERS   ; OFF            ; IGNORE_CARRY                             ;
; AUTO_CASCADE_CHAINS    ; ON             ; AUTO_CASCADE                             ;
; IGNORE_CASCADE_BUFFERS ; OFF            ; IGNORE_CASCADE                           ;
+------------------------+----------------+------------------------------------------+
Note: In order to hide this table in the UI and the text report file, please set the "Show Parameter Settings in Synthesis Report" option in "Analysis and Synthesis Settings -> More Settings" to "Off".


+------------------------------------------------------------------------------------+
; Parameter Settings for Inferred Entity Instance: control:u_control|lpm_divide:Div3 ;
+------------------------+----------------+------------------------------------------+
; Parameter Name         ; Value          ; Type                                     ;
+------------------------+----------------+------------------------------------------+
; LPM_WIDTHN             ; 8              ; Untyped                                  ;
; LPM_WIDTHD             ; 7              ; Untyped                                  ;
; LPM_NREPRESENTATION    ; UNSIGNED       ; Untyped                                  ;
; LPM_DREPRESENTATION    ; UNSIGNED       ; Untyped                                  ;
; LPM_PIPELINE           ; 0              ; Untyped                                  ;
; LPM_REMAINDERPOSITIVE  ; TRUE           ; Untyped                                  ;
; MAXIMIZE_SPEED         ; 5              ; Untyped                                  ;
; CBXI_PARAMETER         ; lpm_divide_mhm ; Untyped                                  ;
; CARRY_CHAIN            ; MANUAL         ; Untyped                                  ;
; OPTIMIZE_FOR_SPEED     ; 5              ; Untyped                                  ;
; AUTO_CARRY_CHAINS      ; ON             ; AUTO_CARRY                               ;
; IGNORE_CARRY_BUFFERS   ; OFF            ; IGNORE_CARRY                             ;
; AUTO_CASCADE_CHAINS    ; ON             ; AUTO_CASCADE                             ;
; IGNORE_CASCADE_BUFFERS ; OFF            ; IGNORE_CASCADE                           ;
+------------------------+----------------+------------------------------------------+
Note: In order to hide this table in the UI and the text report file, please set the "Show Parameter Settings in Synthesis Report" option in "Analysis and Synthesis Settings -> More Settings" to "Off".


+-----------------------------------------------------+
; Port Connectivity Checks: "seg_driver:u_seg_driver" ;
+---------+-------+----------+------------------------+
; Port    ; Type  ; Severity ; Details                ;
+---------+-------+----------+------------------------+
; point_n ; Input ; Info     ; Stuck at VCC           ;
+---------+-------+----------+------------------------+


+-----------------------------------------------------+
; Post-Synthesis Netlist Statistics for Top Partition ;
+-----------------------+-----------------------------+
; Type                  ; Count                       ;
+-----------------------+-----------------------------+
; boundary_port         ; 24                          ;
; cycloneiii_ff         ; 189                         ;
;     CLR               ; 121                         ;
;     CLR SCLR          ; 26                          ;
;     CLR SLD           ; 9                           ;
;     ENA CLR           ; 25                          ;
;     ENA CLR SCLR      ; 8                           ;
; cycloneiii_lcell_comb ; 687                         ;
;     arith             ; 223                         ;
;         1 data inputs ; 2                           ;
;         2 data inputs ; 119                         ;
;         3 data inputs ; 102                         ;
;     normal            ; 464                         ;
;         0 data inputs ; 30                          ;
;         1 data inputs ; 26                          ;
;         2 data inputs ; 173                         ;
;         3 data inputs ; 38                          ;
;         4 data inputs ; 197                         ;
;                       ;                             ;
; Max LUT depth         ; 12.90                       ;
; Average LUT depth     ; 6.76                        ;
+-----------------------+-----------------------------+


+-------------------------------+
; Elapsed Time Per Partition    ;
+----------------+--------------+
; Partition Name ; Elapsed Time ;
+----------------+--------------+
; Top            ; 00:00:01     ;
+----------------+--------------+


+-------------------------------+
; Analysis & Synthesis Messages ;
+-------------------------------+
Info: *******************************************************************
Info: Running Quartus Prime Analysis & Synthesis
    Info: Version 18.1.0 Build 625 09/12/2018 SJ Standard Edition
    Info: Processing started: Fri Apr 01 16:48:21 2022
Info: Command: quartus_map --read_settings_files=on --write_settings_files=off fsm_saler -c fsm_saler
Warning (18236): Number of processors has not been specified which may cause overloading on shared machines.  Set the global assignment NUM_PARALLEL_PROCESSORS in your QSF to an appropriate value for best performance.
Info (20030): Parallel compilation is enabled and will use 4 of the 4 processors detected
Info (12021): Found 1 design units, including 1 entities, in source file /users/tx/desktop/fsm_saler/rtl/key_filter.v
    Info (12023): Found entity 1: key_filter File: C:/Users/TX/Desktop/fsm_saler/rtl/key_filter.v Line: 1
Info (12021): Found 1 design units, including 1 entities, in source file /users/tx/desktop/fsm_saler/rtl/beep_driver.v
    Info (12023): Found entity 1: beep_driver File: C:/Users/TX/Desktop/fsm_saler/rtl/beep_driver.v Line: 8
Info (12021): Found 1 design units, including 1 entities, in source file /users/tx/desktop/fsm_saler/rtl/seg_driver.v
    Info (12023): Found entity 1: seg_driver File: C:/Users/TX/Desktop/fsm_saler/rtl/seg_driver.v Line: 1
Info (12021): Found 1 design units, including 1 entities, in source file /users/tx/desktop/fsm_saler/rtl/fsm_saler.v
    Info (12023): Found entity 1: fsm_saler File: C:/Users/TX/Desktop/fsm_saler/rtl/fsm_saler.v Line: 1
Info (12021): Found 1 design units, including 1 entities, in source file /users/tx/desktop/fsm_saler/rtl/control.v
    Info (12023): Found entity 1: control File: C:/Users/TX/Desktop/fsm_saler/rtl/control.v Line: 1
Info (12127): Elaborating entity "fsm_saler" for the top level hierarchy
Info (12128): Elaborating entity "key_filter" for hierarchy "key_filter:u_key_filter" File: C:/Users/TX/Desktop/fsm_saler/rtl/fsm_saler.v Line: 29
Warning (10230): Verilog HDL assignment warning at key_filter.v(124): truncated value with size 32 to match size of target (20) File: C:/Users/TX/Desktop/fsm_saler/rtl/key_filter.v Line: 124
Info (12128): Elaborating entity "control" for hierarchy "control:u_control" File: C:/Users/TX/Desktop/fsm_saler/rtl/fsm_saler.v Line: 39
Warning (10230): Verilog HDL assignment warning at control.v(143): truncated value with size 32 to match size of target (26) File: C:/Users/TX/Desktop/fsm_saler/rtl/control.v Line: 143
Warning (10230): Verilog HDL assignment warning at control.v(163): truncated value with size 32 to match size of target (3) File: C:/Users/TX/Desktop/fsm_saler/rtl/control.v Line: 163
Warning (10230): Verilog HDL assignment warning at control.v(209): truncated value with size 32 to match size of target (8) File: C:/Users/TX/Desktop/fsm_saler/rtl/control.v Line: 209
Warning (10230): Verilog HDL assignment warning at control.v(210): truncated value with size 32 to match size of target (8) File: C:/Users/TX/Desktop/fsm_saler/rtl/control.v Line: 210
Warning (10230): Verilog HDL assignment warning at control.v(223): truncated value with size 32 to match size of target (4) File: C:/Users/TX/Desktop/fsm_saler/rtl/control.v Line: 223
Warning (10230): Verilog HDL assignment warning at control.v(224): truncated value with size 32 to match size of target (4) File: C:/Users/TX/Desktop/fsm_saler/rtl/control.v Line: 224
Warning (10230): Verilog HDL assignment warning at control.v(225): truncated value with size 32 to match size of target (4) File: C:/Users/TX/Desktop/fsm_saler/rtl/control.v Line: 225
Warning (10230): Verilog HDL assignment warning at control.v(233): truncated value with size 32 to match size of target (8) File: C:/Users/TX/Desktop/fsm_saler/rtl/control.v Line: 233
Warning (10230): Verilog HDL assignment warning at control.v(236): truncated value with size 32 to match size of target (8) File: C:/Users/TX/Desktop/fsm_saler/rtl/control.v Line: 236
Warning (10230): Verilog HDL assignment warning at control.v(243): truncated value with size 32 to match size of target (4) File: C:/Users/TX/Desktop/fsm_saler/rtl/control.v Line: 243
Warning (10230): Verilog HDL assignment warning at control.v(244): truncated value with size 32 to match size of target (4) File: C:/Users/TX/Desktop/fsm_saler/rtl/control.v Line: 244
Warning (10230): Verilog HDL assignment warning at control.v(245): truncated value with size 32 to match size of target (4) File: C:/Users/TX/Desktop/fsm_saler/rtl/control.v Line: 245
Info (12128): Elaborating entity "seg_driver" for hierarchy "seg_driver:u_seg_driver" File: C:/Users/TX/Desktop/fsm_saler/rtl/fsm_saler.v Line: 49
Warning (10230): Verilog HDL assignment warning at seg_driver.v(46): truncated value with size 32 to match size of target (16) File: C:/Users/TX/Desktop/fsm_saler/rtl/seg_driver.v Line: 46
Info (12128): Elaborating entity "beep_driver" for hierarchy "beep_driver:u_beep_driver" File: C:/Users/TX/Desktop/fsm_saler/rtl/fsm_saler.v Line: 57
Warning (10230): Verilog HDL assignment warning at beep_driver.v(35): truncated value with size 32 to match size of target (26) File: C:/Users/TX/Desktop/fsm_saler/rtl/beep_driver.v Line: 35
Warning (10230): Verilog HDL assignment warning at beep_driver.v(56): truncated value with size 32 to match size of target (4) File: C:/Users/TX/Desktop/fsm_saler/rtl/beep_driver.v Line: 56
Info (278001): Inferred 8 megafunctions from design logic
    Info (278004): Inferred divider/modulo megafunction ("lpm_divide") from the following logic: "control:u_control|Div1" File: C:/Users/TX/Desktop/fsm_saler/rtl/control.v Line: 225
    Info (278004): Inferred divider/modulo megafunction ("lpm_divide") from the following logic: "control:u_control|Div0" File: C:/Users/TX/Desktop/fsm_saler/rtl/control.v Line: 224
    Info (278004): Inferred divider/modulo megafunction ("lpm_divide") from the following logic: "control:u_control|Mod1" File: C:/Users/TX/Desktop/fsm_saler/rtl/control.v Line: 224
    Info (278004): Inferred divider/modulo megafunction ("lpm_divide") from the following logic: "control:u_control|Div2" File: C:/Users/TX/Desktop/fsm_saler/rtl/control.v Line: 244
    Info (278004): Inferred divider/modulo megafunction ("lpm_divide") from the following logic: "control:u_control|Mod3" File: C:/Users/TX/Desktop/fsm_saler/rtl/control.v Line: 244
    Info (278004): Inferred divider/modulo megafunction ("lpm_divide") from the following logic: "control:u_control|Mod2" File: C:/Users/TX/Desktop/fsm_saler/rtl/control.v Line: 243
    Info (278004): Inferred divider/modulo megafunction ("lpm_divide") from the following logic: "control:u_control|Mod0" File: C:/Users/TX/Desktop/fsm_saler/rtl/control.v Line: 223
    Info (278004): Inferred divider/modulo megafunction ("lpm_divide") from the following logic: "control:u_control|Div3" File: C:/Users/TX/Desktop/fsm_saler/rtl/control.v Line: 245
Info (12130): Elaborated megafunction instantiation "control:u_control|lpm_divide:Div1" File: C:/Users/TX/Desktop/fsm_saler/rtl/control.v Line: 225
Info (12133): Instantiated megafunction "control:u_control|lpm_divide:Div1" with the following parameter: File: C:/Users/TX/Desktop/fsm_saler/rtl/control.v Line: 225
    Info (12134): Parameter "LPM_WIDTHN" = "8"
    Info (12134): Parameter "LPM_WIDTHD" = "7"
    Info (12134): Parameter "LPM_NREPRESENTATION" = "UNSIGNED"
    Info (12134): Parameter "LPM_DREPRESENTATION" = "UNSIGNED"
Info (12021): Found 1 design units, including 1 entities, in source file db/lpm_divide_mhm.tdf
    Info (12023): Found entity 1: lpm_divide_mhm File: C:/Users/TX/Desktop/fsm_saler/prj/db/lpm_divide_mhm.tdf Line: 24
Info (12021): Found 1 design units, including 1 entities, in source file db/sign_div_unsign_ekh.tdf
    Info (12023): Found entity 1: sign_div_unsign_ekh File: C:/Users/TX/Desktop/fsm_saler/prj/db/sign_div_unsign_ekh.tdf Line: 24
Info (12021): Found 1 design units, including 1 entities, in source file db/alt_u_div_g4f.tdf
    Info (12023): Found entity 1: alt_u_div_g4f File: C:/Users/TX/Desktop/fsm_saler/prj/db/alt_u_div_g4f.tdf Line: 26
Info (12021): Found 1 design units, including 1 entities, in source file db/add_sub_7pc.tdf
    Info (12023): Found entity 1: add_sub_7pc File: C:/Users/TX/Desktop/fsm_saler/prj/db/add_sub_7pc.tdf Line: 22
Info (12021): Found 1 design units, including 1 entities, in source file db/add_sub_8pc.tdf
    Info (12023): Found entity 1: add_sub_8pc File: C:/Users/TX/Desktop/fsm_saler/prj/db/add_sub_8pc.tdf Line: 22
Info (12130): Elaborated megafunction instantiation "control:u_control|lpm_divide:Div0" File: C:/Users/TX/Desktop/fsm_saler/rtl/control.v Line: 224
Info (12133): Instantiated megafunction "control:u_control|lpm_divide:Div0" with the following parameter: File: C:/Users/TX/Desktop/fsm_saler/rtl/control.v Line: 224
    Info (12134): Parameter "LPM_WIDTHN" = "8"
    Info (12134): Parameter "LPM_WIDTHD" = "4"
    Info (12134): Parameter "LPM_NREPRESENTATION" = "UNSIGNED"
    Info (12134): Parameter "LPM_DREPRESENTATION" = "UNSIGNED"
Info (12021): Found 1 design units, including 1 entities, in source file db/lpm_divide_jhm.tdf
    Info (12023): Found entity 1: lpm_divide_jhm File: C:/Users/TX/Desktop/fsm_saler/prj/db/lpm_divide_jhm.tdf Line: 24
Info (12021): Found 1 design units, including 1 entities, in source file db/sign_div_unsign_bkh.tdf
    Info (12023): Found entity 1: sign_div_unsign_bkh File: C:/Users/TX/Desktop/fsm_saler/prj/db/sign_div_unsign_bkh.tdf Line: 24
Info (12021): Found 1 design units, including 1 entities, in source file db/alt_u_div_a4f.tdf
    Info (12023): Found entity 1: alt_u_div_a4f File: C:/Users/TX/Desktop/fsm_saler/prj/db/alt_u_div_a4f.tdf Line: 26
Info (12130): Elaborated megafunction instantiation "control:u_control|lpm_divide:Mod1" File: C:/Users/TX/Desktop/fsm_saler/rtl/control.v Line: 224
Info (12133): Instantiated megafunction "control:u_control|lpm_divide:Mod1" with the following parameter: File: C:/Users/TX/Desktop/fsm_saler/rtl/control.v Line: 224
    Info (12134): Parameter "LPM_WIDTHN" = "8"
    Info (12134): Parameter "LPM_WIDTHD" = "4"
    Info (12134): Parameter "LPM_NREPRESENTATION" = "UNSIGNED"
    Info (12134): Parameter "LPM_DREPRESENTATION" = "UNSIGNED"
Info (12021): Found 1 design units, including 1 entities, in source file db/lpm_divide_m9m.tdf
    Info (12023): Found entity 1: lpm_divide_m9m File: C:/Users/TX/Desktop/fsm_saler/prj/db/lpm_divide_m9m.tdf Line: 24
Info (13000): Registers with preset signals will power-up high File: C:/Users/TX/Desktop/fsm_saler/rtl/seg_driver.v Line: 62
Info (13003): DEV_CLRn pin will set, and not reset, register with preset signal due to NOT Gate Push-Back
Warning (13024): Output pins are stuck at VCC or GND
    Warning (13410): Pin "seg_data[7]" is stuck at VCC File: C:/Users/TX/Desktop/fsm_saler/rtl/fsm_saler.v Line: 8
Info (286030): Timing-Driven Synthesis is running
Info (16010): Generating hard_block partition "hard_block:auto_generated_inst"
    Info (16011): Adding 0 node(s), including 0 DDIO, 0 PLL, 0 transceiver and 0 LCELL
Info (21057): Implemented 711 device resources after synthesis - the final resource count might be different
    Info (21058): Implemented 5 input pins
    Info (21059): Implemented 19 output pins
    Info (21061): Implemented 687 logic cells
Info: Quartus Prime Analysis & Synthesis was successful. 0 errors, 19 warnings
    Info: Peak virtual memory: 4770 megabytes
    Info: Processing ended: Fri Apr 01 16:48:31 2022
    Info: Elapsed time: 00:00:10
    Info: Total CPU time (on all processors): 00:00:19


