#
# A fatal error has been detected by the Java Runtime Environment:
#
#  EXCEPTION_ACCESS_VIOLATION (0xc0000005) at pc=0x00007ffeddf5c963, pid=3228, tid=10924
#
# JRE version: Java(TM) SE Runtime Environment (8.0_05-b13) (build 1.8.0_05-b13)
# Java VM: Java HotSpot(TM) 64-Bit Server VM (25.5-b02 mixed mode windows-amd64 compressed oops)
# Problematic frame:
# C  [MSVCR120.dll+0x3c963]
#
# Failed to write core dump. Minidumps are not enabled by default on client versions of Windows
#
# If you would like to submit a bug report, please visit:
#   http://bugreport.sun.com/bugreport/crash.jsp
# The crash happened outside the Java Virtual Machine in native code.
# See problematic frame for where to report the bug.
#

---------------  T H R E A D  ---------------

Current thread (0x0000000003366800):  JavaThread "main" [_thread_in_native, id=10924, stack(0x0000000003260000,0x0000000003360000)]

siginfo: ExceptionCode=0xc0000005, writing address 0x0000000000000000

Registers:
RAX=0x0000000000000000, RBX=0x0000000000000000, RCX=0x00000000044c0558, RDX=0x0000000000000000
RSP=0x000000000335e790, RBP=0x0000000001121d90, RSI=0x0000000001125740, RDI=0x0000000000000000
R8 =0x00000000044c0558, R9 =0x000000000335e748, R10=0x0000000000000017, R11=0x0000000000000000
R12=0x000000000335e920, R13=0x0000000000000000, R14=0x0000000000000001, R15=0x00007ffe9160f33c
RIP=0x00007ffeddf5c963, EFLAGS=0x0000000000010207

Top of Stack: (sp=0x000000000335e790)
0x000000000335e790:   0000000000000000 00007ffe9160d355
0x000000000335e7a0:   0000000000000000 00000000044c0558
0x000000000335e7b0:   00007ffe91749530 0000000000000000
0x000000000335e7c0:   0000000000000001 00007ffe9160b3f0
0x000000000335e7d0:   0000000000000000 0000000001121d90
0x000000000335e7e0:   0000000001125740 0000000000000000
0x000000000335e7f0:   00007ffeddffc500 00007ffe9160bcd7
0x000000000335e800:   00007ffeddffc500 0000000001125740
0x000000000335e810:   000300062f9c138b 0000000015bed600
0x000000000335e820:   00007ffe9160f334 0000000015bed670
0x000000000335e830:   0000000001121d70 00007ffe91608a40
0x000000000335e840:   000000000335e930 00007ffeddffc500
0x000000000335e850:   0000000000000000 0000000001121d70
0x000000000335e860:   00007ffe9160f32c 00007ffe9160f334
0x000000000335e870:   0000000015bed670 000000000335ed70
0x000000000335e880:   81b6000000000002 0000000000000001 

Instructions: (pc=0x00007ffeddf5c963)
0x00007ffeddf5c943:   0f b6 d2 49 83 f8 10 0f 82 5c 01 00 00 0f ba 25
0x00007ffeddf5c953:   00 4e 0a 00 01 73 0e 57 48 8b f9 8b c2 49 8b c8
0x00007ffeddf5c963:   f3 aa 5f eb 6d 49 b9 01 01 01 01 01 01 01 01 49
0x00007ffeddf5c973:   0f af d1 0f ba 25 da 4d 0a 00 02 0f 82 9c 00 00 


Register to memory mapping:

RAX=0x0000000000000000 is an unknown value
RBX=0x0000000000000000 is an unknown value
RCX=0x00000000044c0558 is an unknown value
RDX=0x0000000000000000 is an unknown value
RSP=0x000000000335e790 is pointing into the stack for thread: 0x0000000003366800
RBP=0x0000000001121d90 is an unknown value
RSI=0x0000000001125740 is an unknown value
RDI=0x0000000000000000 is an unknown value
R8 =0x00000000044c0558 is an unknown value
R9 =0x000000000335e748 is pointing into the stack for thread: 0x0000000003366800
R10=0x0000000000000017 is an unknown value
R11=0x0000000000000000 is an unknown value
R12=0x000000000335e920 is pointing into the stack for thread: 0x0000000003366800
R13=0x0000000000000000 is an unknown value
R14=0x0000000000000001 is an unknown value
R15=0x00007ffe9160f33c is an unknown value


Stack: [0x0000000003260000,0x0000000003360000],  sp=0x000000000335e790,  free space=1017k
Native frames: (J=compiled Java code, j=interpreted, Vv=VM code, C=native code)
C  [MSVCR120.dll+0x3c963]

Java frames: (J=compiled Java code, j=interpreted, Vv=VM code)
j  com.altera.utilities.FileUtilities.read1(Ljava/lang/String;)Lcom/altera/utilities/FileUtilities$FileContents;+0
j  com.altera.utilities.FileUtilities.readFile(Ljava/io/File;)Lcom/altera/utilities/FileUtilities$FileContents;+70
j  com.altera.sopcmodel.components.tclmodule.LiveModuleTclInterpreter.tclToCatalogCards(Ljava/lang/String;Lcom/altera/librarianinterfaces/ILibrarian;Lcom/altera/entityinterfaces/message/IMessageLogger;)Ljava/util/List;+60
j  com.altera.sopcmodel.components.tclmodule.TclModuleFactory.analyzeToCatalogCards(Ljava/io/File;Lcom/altera/entityinterfaces/message/IMessageLogger;)Ljava/util/List;+20
j  com.altera.sopcmodel.components.tclmodule.TclModuleFactory.analyseFile(Ljava/io/File;Lcom/altera/entityinterfaces/message/IMessageLogger;)Ljava/util/List;+3
j  com.altera.sopcmodel.components.tclmodule.TclModuleFactory.analyseFile(Ljava/io/File;Lcom/altera/entityinterfaces/message/IMessageLogger;)Ljava/util/Collection;+3
j  com.altera.sopclibrary.conan.Analyzer.analyzeOneFile(Lcom/altera/sopclibrary/conan/Analyzer$IAnalyzerResults;Ljava/util/Map;Lcom/altera/entityinterfaces/message/IMessageLogger;Ljava/lang/String;Z)I+315
j  com.altera.sopclibrary.conan.Conan.analyse(Ljava/io/File;ZLcom/altera/entityinterfaces/message/IMessageLogger;)Ljava/util/List;+48
j  com.altera.sopcmodel.sbtools.shared.SbModuleInstanceBase.getCardFromComponentFile(Lcom/altera/entityinterfaces/message/IMessageLogger;)Lcom/altera/librarianinterfaces/ICatalogCard;+48
j  com.altera.sopcmodel.sbtools.shared.SbModuleInstanceBase.setupComponentModule(Lcom/altera/entityinterfaces/message/IMessageLogger;)V+14
j  com.altera.sopcmodel.sbtools.shared.SbModuleInstanceBase.act()I+70
j  com.altera.sopcmodel.sbtools.sbgenerate.SbGenerate.act()I+31
j  com.altera.utilities.AltCmdLineToolBase.runTheTool([Ljava/lang/String;)I+38
j  com.altera.sopcmodel.sbtools.sbgenerate.SbGenerate.main([Ljava/lang/String;)V+54
v  ~StubRoutines::call_stub

---------------  P R O C E S S  ---------------

Java Threads: ( => current thread )
  0x00000000136f3000 JavaThread "Service Thread" daemon [_thread_blocked, id=19908, stack(0x0000000014010000,0x0000000014110000)]
  0x0000000013674800 JavaThread "C1 CompilerThread3" daemon [_thread_blocked, id=2700, stack(0x0000000013f10000,0x0000000014010000)]
  0x0000000013672800 JavaThread "C2 CompilerThread2" daemon [_thread_in_native, id=8636, stack(0x0000000013e10000,0x0000000013f10000)]
  0x0000000013671800 JavaThread "C2 CompilerThread1" daemon [_thread_blocked, id=8148, stack(0x0000000013d10000,0x0000000013e10000)]
  0x000000001366e000 JavaThread "C2 CompilerThread0" daemon [_thread_blocked, id=19384, stack(0x0000000013c10000,0x0000000013d10000)]
  0x000000001366c800 JavaThread "Attach Listener" daemon [_thread_blocked, id=12484, stack(0x0000000013b10000,0x0000000013c10000)]
  0x000000001366a000 JavaThread "Signal Dispatcher" daemon [_thread_blocked, id=8500, stack(0x0000000013a10000,0x0000000013b10000)]
  0x000000000344c800 JavaThread "Finalizer" daemon [_thread_blocked, id=20168, stack(0x0000000013910000,0x0000000013a10000)]
  0x000000000344b000 JavaThread "Reference Handler" daemon [_thread_blocked, id=4656, stack(0x0000000013810000,0x0000000013910000)]
=>0x0000000003366800 JavaThread "main" [_thread_in_native, id=10924, stack(0x0000000003260000,0x0000000003360000)]

Other Threads:
  0x0000000003445000 VMThread [stack: 0x0000000013710000,0x0000000013810000] [id=3544]
  0x00000000136ff000 WatcherThread [stack: 0x0000000014110000,0x0000000014210000] [id=18092]

VM state:not at safepoint (normal execution)

VM Mutex/Monitor currently owned by a thread: None

Heap:
 def new generation   total 1152K, used 295K [0x00000000a2400000, 0x00000000a2540000, 0x00000000c1800000)
  eden space 1024K,  21% used [0x00000000a2400000, 0x00000000a2437e38, 0x00000000a2500000)
  from space 128K,  56% used [0x00000000a2520000, 0x00000000a2531ee0, 0x00000000a2540000)
  to   space 128K,   0% used [0x00000000a2500000, 0x00000000a2500000, 0x00000000a2520000)
 tenured generation   total 256768K, used 52539K [0x00000000c1800000, 0x00000000d12c0000, 0x0000000100000000)
   the space 256768K,  20% used [0x00000000c1800000, 0x00000000c4b4efc0, 0x00000000c4b4f000, 0x00000000d12c0000)
 Metaspace       used 13694K, capacity 14032K, committed 14208K, reserved 1062912K
  class space    used 1548K, capacity 1622K, committed 1664K, reserved 1048576K

Card table byte_map: [0x0000000012820000,0x0000000012b10000] byte_map_base: 0x000000001230e000

Polling page: 0x0000000002dc0000

CodeCache: size=245760Kb used=10394Kb max_used=10412Kb free=235365Kb
 bounds [0x0000000003460000, 0x0000000003ea0000, 0x0000000012460000]
 total_blobs=3179 nmethods=2827 adapters=265
 compilation: enabled

Compilation events (10 events):
Event: 3.028 Thread 0x000000001366e000 3343       4       java.lang.CharacterDataLatin1::toUpperCaseEx (71 bytes)
Event: 3.029 Thread 0x000000001366e000 nmethod 3343 0x0000000003e5e710 code [0x0000000003e5e840, 0x0000000003e5e918]
Event: 3.038 Thread 0x0000000013671800 nmethod 3188 0x0000000003e89890 code [0x0000000003e89fc0, 0x0000000003e915b8]
Event: 3.063 Thread 0x000000001366e000 3344   !   4       com.sun.org.apache.xerces.internal.parsers.XML11Configuration::setFeature (155 bytes)
Event: 3.067 Thread 0x0000000013674800 3345       3       sun.reflect.generics.repository.FieldRepository::parse (6 bytes)
Event: 3.067 Thread 0x0000000013674800 nmethod 3345 0x0000000003e88d90 code [0x0000000003e88f40, 0x0000000003e894f8]
Event: 3.088 Thread 0x0000000013671800 3346       4       org.apache.commons.lang3.StringUtils::isBlank (47 bytes)
Event: 3.090 Thread 0x0000000013671800 nmethod 3346 0x0000000003e766d0 code [0x0000000003e76820, 0x0000000003e76a38]
Event: 3.097 Thread 0x0000000013674800 3347       3       java.util.Locale::getCountry (8 bytes)
Event: 3.097 Thread 0x0000000013674800 nmethod 3347 0x0000000003e88990 code [0x0000000003e88ae0, 0x0000000003e88cd0]

GC Heap History (10 events):
Event: 3.075 GC heap before
{Heap before GC invocations=574 (full 0):
 def new generation   total 1152K, used 1097K [0x00000000a2400000, 0x00000000a2540000, 0x00000000c1800000)
  eden space 1024K, 100% used [0x00000000a2400000, 0x00000000a2500000, 0x00000000a2500000)
  from space 128K,  57% used [0x00000000a2500000, 0x00000000a25125c8, 0x00000000a2520000)
  to   space 128K,   0% used [0x00000000a2520000, 0x00000000a2520000, 0x00000000a2540000)
 tenured generation   total 256768K, used 52306K [0x00000000c1800000, 0x00000000d12c0000, 0x0000000100000000)
   the space 256768K,  20% used [0x00000000c1800000, 0x00000000c4b14b58, 0x00000000c4b14c00, 0x00000000d12c0000)
 Metaspace       used 13436K, capacity 13806K, committed 13952K, reserved 1060864K
  class space    used 1522K, capacity 1588K, committed 1664K, reserved 1048576K
Event: 3.076 GC heap after
Heap after GC invocations=575 (full 0):
 def new generation   total 1152K, used 128K [0x00000000a2400000, 0x00000000a2540000, 0x00000000c1800000)
  eden space 1024K,   0% used [0x00000000a2400000, 0x00000000a2400000, 0x00000000a2500000)
  from space 128K, 100% used [0x00000000a2520000, 0x00000000a2540000, 0x00000000a2540000)
  to   space 128K,   0% used [0x00000000a2500000, 0x00000000a2500000, 0x00000000a2520000)
 tenured generation   total 256768K, used 52355K [0x00000000c1800000, 0x00000000d12c0000, 0x0000000100000000)
   the space 256768K,  20% used [0x00000000c1800000, 0x00000000c4b20f08, 0x00000000c4b21000, 0x00000000d12c0000)
 Metaspace       used 13436K, capacity 13806K, committed 13952K, reserved 1060864K
  class space    used 1522K, capacity 1588K, committed 1664K, reserved 1048576K
}
Event: 3.080 GC heap before
{Heap before GC invocations=575 (full 0):
 def new generation   total 1152K, used 1152K [0x00000000a2400000, 0x00000000a2540000, 0x00000000c1800000)
  eden space 1024K, 100% used [0x00000000a2400000, 0x00000000a2500000, 0x00000000a2500000)
  from space 128K, 100% used [0x00000000a2520000, 0x00000000a2540000, 0x00000000a2540000)
  to   space 128K,   0% used [0x00000000a2500000, 0x00000000a2500000, 0x00000000a2520000)
 tenured generation   total 256768K, used 52355K [0x00000000c1800000, 0x00000000d12c0000, 0x0000000100000000)
   the space 256768K,  20% used [0x00000000c1800000, 0x00000000c4b20f08, 0x00000000c4b21000, 0x00000000d12c0000)
 Metaspace       used 13436K, capacity 13806K, committed 13952K, reserved 1060864K
  class space    used 1522K, capacity 1588K, committed 1664K, reserved 1048576K
Event: 3.081 GC heap after
Heap after GC invocations=576 (full 0):
 def new generation   total 1152K, used 77K [0x00000000a2400000, 0x00000000a2540000, 0x00000000c1800000)
  eden space 1024K,   0% used [0x00000000a2400000, 0x00000000a2400000, 0x00000000a2500000)
  from space 128K,  60% used [0x00000000a2500000, 0x00000000a2513400, 0x00000000a2520000)
  to   space 128K,   0% used [0x00000000a2520000, 0x00000000a2520000, 0x00000000a2540000)
 tenured generation   total 256768K, used 52436K [0x00000000c1800000, 0x00000000d12c0000, 0x0000000100000000)
   the space 256768K,  20% used [0x00000000c1800000, 0x00000000c4b352f8, 0x00000000c4b35400, 0x00000000d12c0000)
 Metaspace       used 13436K, capacity 13806K, committed 13952K, reserved 1060864K
  class space    used 1522K, capacity 1588K, committed 1664K, reserved 1048576K
}
Event: 3.084 GC heap before
{Heap before GC invocations=576 (full 0):
 def new generation   total 1152K, used 1101K [0x00000000a2400000, 0x00000000a2540000, 0x00000000c1800000)
  eden space 1024K, 100% used [0x00000000a2400000, 0x00000000a2500000, 0x00000000a2500000)
  from space 128K,  60% used [0x00000000a2500000, 0x00000000a2513400, 0x00000000a2520000)
  to   space 128K,   0% used [0x00000000a2520000, 0x00000000a2520000, 0x00000000a2540000)
 tenured generation   total 256768K, used 52436K [0x00000000c1800000, 0x00000000d12c0000, 0x0000000100000000)
   the space 256768K,  20% used [0x00000000c1800000, 0x00000000c4b352f8, 0x00000000c4b35400, 0x00000000d12c0000)
 Metaspace       used 13436K, capacity 13806K, committed 13952K, reserved 1060864K
  class space    used 1522K, capacity 1588K, committed 1664K, reserved 1048576K
Event: 3.085 GC heap after
Heap after GC invocations=577 (full 0):
 def new generation   total 1152K, used 111K [0x00000000a2400000, 0x00000000a2540000, 0x00000000c1800000)
  eden space 1024K,   0% used [0x00000000a2400000, 0x00000000a2400000, 0x00000000a2500000)
  from space 128K,  87% used [0x00000000a2520000, 0x00000000a253bdc0, 0x00000000a2540000)
  to   space 128K,   0% used [0x00000000a2500000, 0x00000000a2500000, 0x00000000a2520000)
 tenured generation   total 256768K, used 52450K [0x00000000c1800000, 0x00000000d12c0000, 0x0000000100000000)
   the space 256768K,  20% used [0x00000000c1800000, 0x00000000c4b38b38, 0x00000000c4b38c00, 0x00000000d12c0000)
 Metaspace       used 13436K, capacity 13806K, committed 13952K, reserved 1060864K
  class space    used 1522K, capacity 1588K, committed 1664K, reserved 1048576K
}
Event: 3.094 GC heap before
{Heap before GC invocations=577 (full 0):
 def new generation   total 1152K, used 1135K [0x00000000a2400000, 0x00000000a2540000, 0x00000000c1800000)
  eden space 1024K, 100% used [0x00000000a2400000, 0x00000000a2500000, 0x00000000a2500000)
  from space 128K,  87% used [0x00000000a2520000, 0x00000000a253bdc0, 0x00000000a2540000)
  to   space 128K,   0% used [0x00000000a2500000, 0x00000000a2500000, 0x00000000a2520000)
 tenured generation   total 256768K, used 52450K [0x00000000c1800000, 0x00000000d12c0000, 0x0000000100000000)
   the space 256768K,  20% used [0x00000000c1800000, 0x00000000c4b38b38, 0x00000000c4b38c00, 0x00000000d12c0000)
 Metaspace       used 13502K, capacity 13904K, committed 13952K, reserved 1060864K
  class space    used 1531K, capacity 1622K, committed 1664K, reserved 1048576K
Event: 3.096 GC heap after
Heap after GC invocations=578 (full 0):
 def new generation   total 1152K, used 80K [0x00000000a2400000, 0x00000000a2540000, 0x00000000c1800000)
  eden space 1024K,   0% used [0x00000000a2400000, 0x00000000a2400000, 0x00000000a2500000)
  from space 128K,  62% used [0x00000000a2500000, 0x00000000a2514048, 0x00000000a2520000)
  to   space 128K,   0% used [0x00000000a2520000, 0x00000000a2520000, 0x00000000a2540000)
 tenured generation   total 256768K, used 52510K [0x00000000c1800000, 0x00000000d12c0000, 0x0000000100000000)
   the space 256768K,  20% used [0x00000000c1800000, 0x00000000c4b47ab8, 0x00000000c4b47c00, 0x00000000d12c0000)
 Metaspace       used 13502K, capacity 13904K, committed 13952K, reserved 1060864K
  class space    used 1531K, capacity 1622K, committed 1664K, reserved 1048576K
}
Event: 3.102 GC heap before
{Heap before GC invocations=578 (full 0):
 def new generation   total 1152K, used 1104K [0x00000000a2400000, 0x00000000a2540000, 0x00000000c1800000)
  eden space 1024K, 100% used [0x00000000a2400000, 0x00000000a2500000, 0x00000000a2500000)
  from space 128K,  62% used [0x00000000a2500000, 0x00000000a2514048, 0x00000000a2520000)
  to   space 128K,   0% used [0x00000000a2520000, 0x00000000a2520000, 0x00000000a2540000)
 tenured generation   total 256768K, used 52510K [0x00000000c1800000, 0x00000000d12c0000, 0x0000000100000000)
   the space 256768K,  20% used [0x00000000c1800000, 0x00000000c4b47ab8, 0x00000000c4b47c00, 0x00000000d12c0000)
 Metaspace       used 13647K, capacity 13968K, committed 14208K, reserved 1062912K
  class space    used 1543K, capacity 1622K, committed 1664K, reserved 1048576K
Event: 3.103 GC heap after
Heap after GC invocations=579 (full 0):
 def new generation   total 1152K, used 71K [0x00000000a2400000, 0x00000000a2540000, 0x00000000c1800000)
  eden space 1024K,   0% used [0x00000000a2400000, 0x00000000a2400000, 0x00000000a2500000)
  from space 128K,  56% used [0x00000000a2520000, 0x00000000a2531ee0, 0x00000000a2540000)
  to   space 128K,   0% used [0x00000000a2500000, 0x00000000a2500000, 0x00000000a2520000)
 tenured generation   total 256768K, used 52539K [0x00000000c1800000, 0x00000000d12c0000, 0x0000000100000000)
   the space 256768K,  20% used [0x00000000c1800000, 0x00000000c4b4efc0, 0x00000000c4b4f000, 0x00000000d12c0000)
 Metaspace       used 13647K, capacity 13968K, committed 14208K, reserved 1062912K
  class space    used 1543K, capacity 1622K, committed 1664K, reserved 1048576K
}

Deoptimization events (10 events):
Event: 1.190 Thread 0x0000000003366800 Uncommon trap: reason=array_check action=maybe_recompile pc=0x00000000039ec1c0 method=java.util.AbstractCollection.toArray([Ljava/lang/Object;)[Ljava/lang/Object; @ 119
Event: 1.190 Thread 0x0000000003366800 Uncommon trap: reason=array_check action=maybe_recompile pc=0x00000000039ec1c0 method=java.util.AbstractCollection.toArray([Ljava/lang/Object;)[Ljava/lang/Object; @ 119
Event: 1.632 Thread 0x0000000003366800 Uncommon trap: reason=class_check action=maybe_recompile pc=0x00000000039e31d0 method=java.io.FilterInputStream.read([BII)I @ 7
Event: 1.632 Thread 0x0000000003366800 Uncommon trap: reason=class_check action=maybe_recompile pc=0x00000000039e31d0 method=java.io.FilterInputStream.read([BII)I @ 7
Event: 1.632 Thread 0x0000000003366800 Uncommon trap: reason=class_check action=maybe_recompile pc=0x00000000039e31d0 method=java.io.FilterInputStream.read([BII)I @ 7
Event: 1.633 Thread 0x0000000003366800 Uncommon trap: reason=class_check action=maybe_recompile pc=0x00000000039e31d0 method=java.io.FilterInputStream.read([BII)I @ 7
Event: 3.096 Thread 0x0000000003366800 Uncommon trap: reason=bimorphic action=maybe_recompile pc=0x0000000003c5de08 method=java.util.concurrent.ConcurrentHashMap.get(Ljava/lang/Object;)Ljava/lang/Object; @ 149
Event: 3.096 Thread 0x0000000003366800 Uncommon trap: reason=bimorphic action=maybe_recompile pc=0x0000000003c5de08 method=java.util.concurrent.ConcurrentHashMap.get(Ljava/lang/Object;)Ljava/lang/Object; @ 149
Event: 3.096 Thread 0x0000000003366800 Uncommon trap: reason=bimorphic action=maybe_recompile pc=0x0000000003c5de08 method=java.util.concurrent.ConcurrentHashMap.get(Ljava/lang/Object;)Ljava/lang/Object; @ 149
Event: 3.096 Thread 0x0000000003366800 Uncommon trap: reason=bimorphic action=maybe_recompile pc=0x0000000003c5de08 method=java.util.concurrent.ConcurrentHashMap.get(Ljava/lang/Object;)Ljava/lang/Object; @ 149

Internal exceptions (10 events):
Event: 3.100 Thread 0x0000000003366800 Exception <a 'java/security/PrivilegedActionException'> (0x00000000a24c2b30) thrown at [D:\re\workspace\8-2-build-windows-amd64-cygwin\jdk8u5\2488\hotspot\src\share\vm\prims\jvm.cpp, line 1248]
Event: 3.101 Thread 0x0000000003366800 Exception <a 'java/security/PrivilegedActionException'> (0x00000000a24cb290) thrown at [D:\re\workspace\8-2-build-windows-amd64-cygwin\jdk8u5\2488\hotspot\src\share\vm\prims\jvm.cpp, line 1248]
Event: 3.101 Thread 0x0000000003366800 Exception <a 'java/security/PrivilegedActionException'> (0x00000000a24d3b68) thrown at [D:\re\workspace\8-2-build-windows-amd64-cygwin\jdk8u5\2488\hotspot\src\share\vm\prims\jvm.cpp, line 1248]
Event: 3.101 Thread 0x0000000003366800 Exception <a 'java/security/PrivilegedActionException'> (0x00000000a24e7d60) thrown at [D:\re\workspace\8-2-build-windows-amd64-cygwin\jdk8u5\2488\hotspot\src\share\vm\prims\jvm.cpp, line 1248]
Event: 3.101 Thread 0x0000000003366800 Exception <a 'java/security/PrivilegedActionException'> (0x00000000a24f79a0) thrown at [D:\re\workspace\8-2-build-windows-amd64-cygwin\jdk8u5\2488\hotspot\src\share\vm\prims\jvm.cpp, line 1248]
Event: 3.103 Thread 0x0000000003366800 Exception <a 'java/security/PrivilegedActionException'> (0x00000000a2406500) thrown at [D:\re\workspace\8-2-build-windows-amd64-cygwin\jdk8u5\2488\hotspot\src\share\vm\prims\jvm.cpp, line 1248]
Event: 3.104 Thread 0x0000000003366800 Exception <a 'java/security/PrivilegedActionException'> (0x00000000a2419908) thrown at [D:\re\workspace\8-2-build-windows-amd64-cygwin\jdk8u5\2488\hotspot\src\share\vm\prims\jvm.cpp, line 1248]
Event: 3.104 Thread 0x0000000003366800 Exception <a 'java/security/PrivilegedActionException'> (0x00000000a2421848) thrown at [D:\re\workspace\8-2-build-windows-amd64-cygwin\jdk8u5\2488\hotspot\src\share\vm\prims\jvm.cpp, line 1248]
Event: 3.104 Thread 0x0000000003366800 Exception <a 'java/security/PrivilegedActionException'> (0x00000000a2426e60) thrown at [D:\re\workspace\8-2-build-windows-amd64-cygwin\jdk8u5\2488\hotspot\src\share\vm\prims\jvm.cpp, line 1248]
Event: 3.106 Thread 0x0000000003366800 Exception <a 'java/security/PrivilegedActionException'> (0x00000000a242ea48) thrown at [D:\re\workspace\8-2-build-windows-amd64-cygwin\jdk8u5\2488\hotspot\src\share\vm\prims\jvm.cpp, line 1248]

Events (10 events):
Event: 3.103 loading class com/altera/tcl/interpreter/NativeTCLInterpreter
Event: 3.103 loading class com/altera/tcl/interpreter/NativeTCLInterpreter done
Event: 3.104 loading class com/altera/utilities/FileUtilities
Event: 3.104 loading class com/altera/utilities/FileUtilities done
Event: 3.104 loading class com/altera/utilities/FileUtilities$1
Event: 3.104 loading class com/altera/utilities/FileUtilities$1 done
Event: 3.104 loading class com/altera/utilities/FileUtilities$AlteraIpException
Event: 3.104 loading class com/altera/utilities/FileUtilities$AlteraIpException done
Event: 3.106 loading class com/altera/utilities/FileUtilities$IpError
Event: 3.106 loading class com/altera/utilities/FileUtilities$IpError done


Dynamic libraries:
0x00007ff71ca90000 - 0x00007ff71cac4000 	D:\intel_fpga\18.1\quartus\bin64\jre64\bin\java.exe
0x00007fff225d0000 - 0x00007fff227c5000 	C:\windows\SYSTEM32\ntdll.dll
0x00007fff20ea0000 - 0x00007fff20f5e000 	C:\windows\System32\KERNEL32.DLL
0x00007fff1feb0000 - 0x00007fff20178000 	C:\windows\System32\KERNELBASE.dll
0x00007fff20620000 - 0x00007fff206ce000 	C:\windows\System32\ADVAPI32.dll
0x00007fff20840000 - 0x00007fff208de000 	C:\windows\System32\msvcrt.dll
0x00007fff22070000 - 0x00007fff2210c000 	C:\windows\System32\sechost.dll
0x00007fff208e0000 - 0x00007fff20a05000 	C:\windows\System32\RPCRT4.dll
0x00007fff21010000 - 0x00007fff211b0000 	C:\windows\System32\USER32.dll
0x00007fff1fd50000 - 0x00007fff1fd72000 	C:\windows\System32\win32u.dll
0x00007fff20790000 - 0x00007fff207bb000 	C:\windows\System32\GDI32.dll
0x00007fff20510000 - 0x00007fff2061d000 	C:\windows\System32\gdi32full.dll
0x00007fff202e0000 - 0x00007fff2037d000 	C:\windows\System32\msvcp_win.dll
0x00007fff20380000 - 0x00007fff20480000 	C:\windows\System32\ucrtbase.dll
0x00007fff06160000 - 0x00007fff063fa000 	C:\windows\WinSxS\amd64_microsoft.windows.common-controls_6595b64144ccf1df_6.0.19041.1110_none_60b5254171f9507e\COMCTL32.dll
0x00007fff21dd0000 - 0x00007fff21e00000 	C:\windows\System32\IMM32.DLL
0x000000005ace0000 - 0x000000005adb2000 	D:\intel_fpga\18.1\quartus\bin64\jre64\bin\msvcr100.dll
0x000000005a0d0000 - 0x000000005a8fa000 	D:\intel_fpga\18.1\quartus\bin64\jre64\bin\server\jvm.dll
0x00007fff22060000 - 0x00007fff22068000 	C:\windows\System32\PSAPI.DLL
0x00007ffee3670000 - 0x00007ffee3679000 	C:\windows\SYSTEM32\WSOCK32.dll
0x00007fff00f30000 - 0x00007fff00f57000 	C:\windows\SYSTEM32\WINMM.dll
0x00007fff21c90000 - 0x00007fff21cfb000 	C:\windows\System32\WS2_32.dll
0x000000005ae70000 - 0x000000005ae7f000 	D:\intel_fpga\18.1\quartus\bin64\jre64\bin\verify.dll
0x000000005ae40000 - 0x000000005ae68000 	D:\intel_fpga\18.1\quartus\bin64\jre64\bin\java.dll
0x000000005ae20000 - 0x000000005ae36000 	D:\intel_fpga\18.1\quartus\bin64\jre64\bin\zip.dll
0x00007fff211c0000 - 0x00007fff21904000 	C:\windows\System32\SHELL32.dll
0x00007fff1ddb0000 - 0x00007fff1e544000 	C:\windows\SYSTEM32\windows.storage.dll
0x00007fff20b40000 - 0x00007fff20e95000 	C:\windows\System32\combase.dll
0x00007fff1f730000 - 0x00007fff1f75e000 	C:\windows\SYSTEM32\Wldp.dll
0x00007fff21d20000 - 0x00007fff21dcd000 	C:\windows\System32\SHCORE.dll
0x00007fff20730000 - 0x00007fff20785000 	C:\windows\System32\shlwapi.dll
0x00007fff1fc20000 - 0x00007fff1fc3f000 	C:\windows\SYSTEM32\profapi.dll
0x00007fff1f680000 - 0x00007fff1f698000 	C:\windows\SYSTEM32\CRYPTSP.dll
0x00007fff1eda0000 - 0x00007fff1edd4000 	C:\windows\system32\rsaenh.dll
0x00007fff1fd80000 - 0x00007fff1fda7000 	C:\windows\System32\bcrypt.dll
0x00007fff1fbe0000 - 0x00007fff1fc0e000 	C:\windows\SYSTEM32\USERENV.dll
0x00007fff20480000 - 0x00007fff20502000 	C:\windows\System32\bcryptprimitives.dll
0x00007fff1f6a0000 - 0x00007fff1f6ac000 	C:\windows\SYSTEM32\CRYPTBASE.dll
0x000000005ae00000 - 0x000000005ae1a000 	D:\Intel_FPGA\18.1\quartus\bin64\jre64\bin\net.dll
0x00007fff1f490000 - 0x00007fff1f4fa000 	C:\windows\system32\mswsock.dll
0x00007fff1f130000 - 0x00007fff1f16b000 	C:\windows\SYSTEM32\IPHLPAPI.DLL
0x00007fff22050000 - 0x00007fff22058000 	C:\windows\System32\NSI.dll
0x00007fff16dc0000 - 0x00007fff16dd7000 	C:\windows\SYSTEM32\dhcpcsvc6.DLL
0x00007fff16c80000 - 0x00007fff16c9d000 	C:\windows\SYSTEM32\dhcpcsvc.DLL
0x00007fff1f170000 - 0x00007fff1f23b000 	C:\windows\SYSTEM32\DNSAPI.dll
0x000000005acc0000 - 0x000000005acd1000 	D:\Intel_FPGA\18.1\quartus\bin64\jre64\bin\nio.dll
0x00007ffeef690000 - 0x00007ffeef696000 	D:\Intel_FPGA\18.1\quartus\bin64\sld_utiljni.dll
0x00007ffeddf20000 - 0x00007ffede00f000 	D:\Intel_FPGA\18.1\quartus\bin64\MSVCR120.dll
0x000000005b0d0000 - 0x000000005b257000 	D:\Intel_FPGA\18.1\quartus\bin64\tcl86.dll
0x00007fff00da0000 - 0x00007fff00db9000 	C:\windows\SYSTEM32\NETAPI32.dll
0x00007fff1f240000 - 0x00007fff1f24c000 	C:\windows\SYSTEM32\NETUTILS.DLL
0x00007fff0fdc0000 - 0x00007fff0fdd9000 	C:\windows\SYSTEM32\SAMCLI.DLL
0x00007fff1f250000 - 0x00007fff1f294000 	C:\windows\SYSTEM32\LOGONCLI.DLL
0x00007ffeddba0000 - 0x00007ffeddc60000 	D:\Intel_FPGA\18.1\quartus\bin64\ccl_sqlite3.dll
0x00007ffedebe0000 - 0x00007ffedebf0000 	D:\Intel_FPGA\18.1\quartus\bin64\ccl_sqlite3_jdbc_jni_bridge.dll
0x00007ffe915d0000 - 0x00007ffe9179b000 	D:\Intel_FPGA\18.1\quartus\bin64\sld_filejni.dll
0x00007fff21e00000 - 0x00007fff21ecd000 	C:\windows\System32\OLEAUT32.dll
0x00007fff20a10000 - 0x00007fff20b3a000 	C:\windows\System32\ole32.dll
0x00007fff21bb0000 - 0x00007fff21c8a000 	C:\windows\System32\COMDLG32.dll
0x00007ffed0c00000 - 0x00007ffed0d88000 	D:\Intel_FPGA\18.1\quartus\bin64\dbghelp.dll

VM Arguments:
jvm_args: -Xmx1500M -XX:+UseSerialGC 
java_command: com.altera.sopcmodel.sbtools.sbgenerate.SbGenerate --output-directory=C:/Users/TX/Desktop/Code/Example/temp_detect_2/prj/db/ip/sld2d8f2ae3/ --project-directory=C:/Users/TX/Desktop/Code/Example/temp_detect_2/prj/ --file-set=QUARTUS_SYNTH --system-info=DEVICE_FAMILY=Cyclone IV E --report-file=xml:C:/Users/TX/Desktop/Code/Example/temp_detect_2/prj/db/ip/sld2d8f2ae3/alt_sld_fab__report.xml --report-file=html:C:/Users/TX/Desktop/Code/Example/temp_detect_2/prj/db/ip/sld2d8f2ae3/alt_sld_fab__report.html --component-name=alt_sld_fab --component-file=./db/ip/sld2d8f2ae3/alt_sld_fab_wrapper_hw.tcl --report-file=sopcinfo:C:/Users/TX/Desktop/Code/Example/temp_detect_2/prj/db/ip/sld2d8f2ae3/alt_sld_fab.sopcinfo --report-file=qip:C:/Users/TX/Desktop/Code/Example/temp_detect_2/prj/db/ip/sld2d8f2ae3/alt_sld_fab.qip --remove-qsys-generate-warning
java_class_path (initial): D:/intel_fpga/18.1/quartus/sopc_builder/model/lib\Nlview.jar;D:/intel_fpga/18.1/quartus/sopc_builder/model/lib\QuickServer.jar;D:/intel_fpga/18.1/quartus/sopc_builder/model/lib\TableLayout.jar;D:/intel_fpga/18.1/quartus/sopc_builder/model/lib\appframework-1.03.jar;D:/intel_fpga/18.1/quartus/sopc_builder/model/lib\asm-3.1.jar;D:/intel_fpga/18.1/quartus/sopc_builder/model/lib\asm-commons-3.1.jar;D:/intel_fpga/18.1/quartus/sopc_builder/model/lib\basicmodel.jar;D:/intel_fpga/18.1/quartus/sopc_builder/model/lib\beansbinding-1.2.1.jar;D:/intel_fpga/18.1/quartus/sopc_builder/model/lib\binding-2.0.6.jar;D:/intel_fpga/18.1/quartus/sopc_builder/model/lib\com.altera.componenteditor2.jar;D:/intel_fpga/18.1/quartus/sopc_builder/model/lib\com.altera.embeddedsw.app_lib.jar;D:/intel_fpga/18.1/quartus/sopc_builder/model/lib\com.altera.embeddedsw.bsp.editor.jar;D:/intel_fpga/18.1/quartus/sopc_builder/model/lib\com.altera.embeddedsw.bsp.elements.jar;D:/intel_fpga/18.1/quartus/sopc_builder/model/lib\com.altera.embeddedsw.bsp.jar;D:/intel_fpga/18.1/quartus/sopc_builder/model/lib\com.altera.embeddedsw.bsp.plugin.core.jar;D:/intel_fpga/18.1/quartus/sopc_builder/model/lib\com.altera.embeddedsw.bsp.plugin.hal.jar;D:/intel_fpga/18.1/quartus/sopc_builder/model/lib\com.altera.embeddedsw.bsp.plugin.lwhal.jar;D:/intel_fpga/18.1/quartus/sopc_builder/model/lib\com.altera.embeddedsw.bsp.schema.jar;D:/intel_fpga/18.1/quartus/sopc_builder/model/lib\com.altera.embeddedsw.bsp.scripting.jar;D:/intel_fpga/18.1/quartus/sopc_builder/model/lib\com.altera.embeddedsw.commandline.jar;D:/intel_fpga/18.1/quartus/sopc_builder/model/lib\com.altera.embeddedsw.cpexample.jar;D:/intel_fpga/18.1/quartus/sopc_builder/model/lib\com.altera.embeddedsw.flash.jar;D:/intel_fpga/18.1/quartus/sopc_builder/model/lib\com.altera.embeddedsw.launch.jar;D:/intel_fpga/18.1/quartus/sopc_builder/model/lib\com.altera.embeddedsw.swinfo.jar;D:/intel_fpga/18.1/quartus/sopc_builder/model/lib\com.altera.embeddedsw
Launcher Type: SUN_STANDARD

Environment Variables:
JAVA_HOME=D:\Java\jdk
CLASSPATH=.;D:\Java\jdk\lib;D:\Java\jdk\lib\dt.jar;D:\Java\jdk\lib\tools.jar
PATH=D:/intel_fpga/18.1/quartus/bin64;d:\intel_fpga\18.1\quartus\bin64\;d:\intel_fpga\18.1\quartus\bin64\;C:\Program Files (x86)\Common Files\Oracle\Java\javapath;D:\VMware\bin\;D:\Python3.7.9\Scripts\;D:\Python3.7.9\;C:\windows\system32;C:\windows;C:\windows\System32\Wbem;C:\windows\System32\WindowsPowerShell\v1.0\;C:\windows\System32\OpenSSH\;D:\GIT\Git\cmd;D:\MinGW\bin;D:\Java\jdk\bin;D:\Java\jdk\jre\bin;D:\Java\apache-maven-3.8.4\bin;D:\Java\nodejs\;D:\Node_js;D:\Node_js\node-global;D:\VS_CODE\Microsoft VS Code\bin;C:\Users\TX\AppData\Local\Microsoft\WindowsApps;D:\Intel_FPGA\18.1\modelsim_ase\win32aloem;D:\VS_CODE\Microsoft VS Code\bin;D:\Intel_FPGA\ctags-2021-07-19_p5.9.20210718.0-9-gb5cd9f4e-x64;D:\MinGW\bin;D:\Python3.7.9\Scripts\;D:\Python3.7.9\;C:\Users\TX\AppData\Roaming\npm
USERNAME=TX
OS=Windows_NT
PROCESSOR_IDENTIFIER=Intel64 Family 6 Model 140 Stepping 1, GenuineIntel



---------------  S Y S T E M  ---------------

OS: Windows 8.1 , 64 bit Build 9600 

CPU:total 8 (4 cores per cpu, 2 threads per core) family 6 model 140 stepping 1, cmov, cx8, fxsr, mmx, sse, sse2, sse3, ssse3, sse4.1, sse4.2, popcnt, avx, avx2, aes, clmul, erms, ht, tsc, tscinvbit

Memory: 4k page, physical 16449800k(5837464k free), swap 16580872k(28212k free)

vm_info: Java HotSpot(TM) 64-Bit Server VM (25.5-b02) for windows-amd64 JRE (1.8.0_05-b13), built on Mar 18 2014 01:08:39 by "java_re" with MS VC++ 10.0 (VS2010)

time: Fri Feb 25 16:06:41 2022
elapsed time: 3 seconds

