Analysis & Synthesis report for i2c_eeprom
Mon Aug 30 11:09:10 2021
Quartus Prime Version 18.1.0 Build 625 09/12/2018 SJ Standard Edition


---------------------
; Table of Contents ;
---------------------
  1. Legal Notice
  2. Analysis & Synthesis Summary
  3. Analysis & Synthesis Settings
  4. Parallel Compilation
  5. Analysis & Synthesis Source Files Read
  6. Analysis & Synthesis Resource Usage Summary
  7. Analysis & Synthesis Resource Utilization by Entity
  8. Analysis & Synthesis RAM Summary
  9. Analysis & Synthesis IP Cores Summary
 10. State Machine - |i2c_eeprom|i2c_interface:u_i2c_interface|state_c
 11. State Machine - |i2c_eeprom|eeprom_control:u_eeprom_control|state_c
 12. State Machine - |i2c_eeprom|cmd_analy:u_cmd_analy|state_c
 13. Registers Removed During Synthesis
 14. General Register Statistics
 15. Inverted Register Statistics
 16. Multiplexer Restructuring Statistics (Restructuring Performed)
 17. Source assignments for eeprom_control:u_eeprom_control|wrfifo:wrfifo_inst|scfifo:scfifo_component|scfifo_sv31:auto_generated|a_dpfifo_3641:dpfifo|altsyncram_9nb1:FIFOram
 18. Source assignments for eeprom_control:u_eeprom_control|rdfifo:rdfifo_inst|scfifo:scfifo_component|scfifo_sv31:auto_generated|a_dpfifo_3641:dpfifo|altsyncram_9nb1:FIFOram
 19. Parameter Settings for User Entity Instance: eeprom_control:u_eeprom_control|wrfifo:wrfifo_inst|scfifo:scfifo_component
 20. Parameter Settings for User Entity Instance: eeprom_control:u_eeprom_control|rdfifo:rdfifo_inst|scfifo:scfifo_component
 21. scfifo Parameter Settings by Entity Instance
 22. Port Connectivity Checks: "eeprom_control:u_eeprom_control|rdfifo:rdfifo_inst"
 23. Post-Synthesis Netlist Statistics for Top Partition
 24. Elapsed Time Per Partition
 25. Analysis & Synthesis Messages
 26. Analysis & Synthesis Suppressed Messages



----------------
; Legal Notice ;
----------------
Copyright (C) 2018  Intel Corporation. All rights reserved.
Your use of Intel Corporation's design tools, logic functions 
and other software and tools, and its AMPP partner logic 
functions, and any output files from any of the foregoing 
(including device programming or simulation files), and any 
associated documentation or information are expressly subject 
to the terms and conditions of the Intel Program License 
Subscription Agreement, the Intel Quartus Prime License Agreement,
the Intel FPGA IP License Agreement, or other applicable license
agreement, including, without limitation, that your use is for
the sole purpose of programming logic devices manufactured by
Intel and sold by Intel or its authorized distributors.  Please
refer to the applicable agreement for further details.



+--------------------------------------------------------------------------------------+
; Analysis & Synthesis Summary                                                         ;
+------------------------------------+-------------------------------------------------+
; Analysis & Synthesis Status        ; Successful - Mon Aug 30 11:09:10 2021           ;
; Quartus Prime Version              ; 18.1.0 Build 625 09/12/2018 SJ Standard Edition ;
; Revision Name                      ; i2c_eeprom                                      ;
; Top-level Entity Name              ; i2c_eeprom                                      ;
; Family                             ; Cyclone IV E                                    ;
; Total logic elements               ; 397                                             ;
;     Total combinational functions  ; 335                                             ;
;     Dedicated logic registers      ; 240                                             ;
; Total registers                    ; 240                                             ;
; Total pins                         ; 6                                               ;
; Total virtual pins                 ; 0                                               ;
; Total memory bits                  ; 1,024                                           ;
; Embedded Multiplier 9-bit elements ; 0                                               ;
; Total PLLs                         ; 0                                               ;
+------------------------------------+-------------------------------------------------+


+------------------------------------------------------------------------------------------------------------+
; Analysis & Synthesis Settings                                                                              ;
+------------------------------------------------------------------+--------------------+--------------------+
; Option                                                           ; Setting            ; Default Value      ;
+------------------------------------------------------------------+--------------------+--------------------+
; Device                                                           ; EP4CE6F17C8        ;                    ;
; Top-level entity name                                            ; i2c_eeprom         ; i2c_eeprom         ;
; Family name                                                      ; Cyclone IV E       ; Cyclone V          ;
; Use smart compilation                                            ; Off                ; Off                ;
; Enable parallel Assembler and Timing Analyzer during compilation ; On                 ; On                 ;
; Enable compact report table                                      ; Off                ; Off                ;
; Restructure Multiplexers                                         ; Auto               ; Auto               ;
; Create Debugging Nodes for IP Cores                              ; Off                ; Off                ;
; Preserve fewer node names                                        ; On                 ; On                 ;
; Intel FPGA IP Evaluation Mode                                    ; Enable             ; Enable             ;
; Verilog Version                                                  ; Verilog_2001       ; Verilog_2001       ;
; VHDL Version                                                     ; VHDL_1993          ; VHDL_1993          ;
; State Machine Processing                                         ; Auto               ; Auto               ;
; Safe State Machine                                               ; Off                ; Off                ;
; Extract Verilog State Machines                                   ; On                 ; On                 ;
; Extract VHDL State Machines                                      ; On                 ; On                 ;
; Ignore Verilog initial constructs                                ; Off                ; Off                ;
; Iteration limit for constant Verilog loops                       ; 5000               ; 5000               ;
; Iteration limit for non-constant Verilog loops                   ; 250                ; 250                ;
; Add Pass-Through Logic to Inferred RAMs                          ; On                 ; On                 ;
; Infer RAMs from Raw Logic                                        ; On                 ; On                 ;
; Parallel Synthesis                                               ; On                 ; On                 ;
; DSP Block Balancing                                              ; Auto               ; Auto               ;
; NOT Gate Push-Back                                               ; On                 ; On                 ;
; Power-Up Don't Care                                              ; On                 ; On                 ;
; Remove Redundant Logic Cells                                     ; Off                ; Off                ;
; Remove Duplicate Registers                                       ; On                 ; On                 ;
; Ignore CARRY Buffers                                             ; Off                ; Off                ;
; Ignore CASCADE Buffers                                           ; Off                ; Off                ;
; Ignore GLOBAL Buffers                                            ; Off                ; Off                ;
; Ignore ROW GLOBAL Buffers                                        ; Off                ; Off                ;
; Ignore LCELL Buffers                                             ; Off                ; Off                ;
; Ignore SOFT Buffers                                              ; On                 ; On                 ;
; Limit AHDL Integers to 32 Bits                                   ; Off                ; Off                ;
; Optimization Technique                                           ; Balanced           ; Balanced           ;
; Carry Chain Length                                               ; 70                 ; 70                 ;
; Auto Carry Chains                                                ; On                 ; On                 ;
; Auto Open-Drain Pins                                             ; On                 ; On                 ;
; Perform WYSIWYG Primitive Resynthesis                            ; Off                ; Off                ;
; Auto ROM Replacement                                             ; On                 ; On                 ;
; Auto RAM Replacement                                             ; On                 ; On                 ;
; Auto DSP Block Replacement                                       ; On                 ; On                 ;
; Auto Shift Register Replacement                                  ; Auto               ; Auto               ;
; Allow Shift Register Merging across Hierarchies                  ; Auto               ; Auto               ;
; Auto Clock Enable Replacement                                    ; On                 ; On                 ;
; Strict RAM Replacement                                           ; Off                ; Off                ;
; Allow Synchronous Control Signals                                ; On                 ; On                 ;
; Force Use of Synchronous Clear Signals                           ; Off                ; Off                ;
; Auto RAM Block Balancing                                         ; On                 ; On                 ;
; Auto RAM to Logic Cell Conversion                                ; Off                ; Off                ;
; Auto Resource Sharing                                            ; Off                ; Off                ;
; Allow Any RAM Size For Recognition                               ; Off                ; Off                ;
; Allow Any ROM Size For Recognition                               ; Off                ; Off                ;
; Allow Any Shift Register Size For Recognition                    ; Off                ; Off                ;
; Use LogicLock Constraints during Resource Balancing              ; On                 ; On                 ;
; Ignore translate_off and synthesis_off directives                ; Off                ; Off                ;
; Timing-Driven Synthesis                                          ; On                 ; On                 ;
; Report Parameter Settings                                        ; On                 ; On                 ;
; Report Source Assignments                                        ; On                 ; On                 ;
; Report Connectivity Checks                                       ; On                 ; On                 ;
; Ignore Maximum Fan-Out Assignments                               ; Off                ; Off                ;
; Synchronization Register Chain Length                            ; 2                  ; 2                  ;
; Power Optimization During Synthesis                              ; Normal compilation ; Normal compilation ;
; HDL message level                                                ; Level2             ; Level2             ;
; Suppress Register Optimization Related Messages                  ; Off                ; Off                ;
; Number of Removed Registers Reported in Synthesis Report         ; 5000               ; 5000               ;
; Number of Swept Nodes Reported in Synthesis Report               ; 5000               ; 5000               ;
; Number of Inverted Registers Reported in Synthesis Report        ; 100                ; 100                ;
; Clock MUX Protection                                             ; On                 ; On                 ;
; Auto Gated Clock Conversion                                      ; Off                ; Off                ;
; Block Design Naming                                              ; Auto               ; Auto               ;
; SDC constraint protection                                        ; Off                ; Off                ;
; Synthesis Effort                                                 ; Auto               ; Auto               ;
; Shift Register Replacement - Allow Asynchronous Clear Signal     ; On                 ; On                 ;
; Pre-Mapping Resynthesis Optimization                             ; Off                ; Off                ;
; Analysis & Synthesis Message Level                               ; Medium             ; Medium             ;
; Disable Register Merging Across Hierarchies                      ; Auto               ; Auto               ;
; Resource Aware Inference For Block RAM                           ; On                 ; On                 ;
+------------------------------------------------------------------+--------------------+--------------------+


+------------------------------------------+
; Parallel Compilation                     ;
+----------------------------+-------------+
; Processors                 ; Number      ;
+----------------------------+-------------+
; Number detected on machine ; 8           ;
; Maximum allowed            ; 4           ;
;                            ;             ;
; Average used               ; 1.00        ;
; Maximum used               ; 4           ;
;                            ;             ;
; Usage by Processor         ; % Time Used ;
;     Processor 1            ; 100.0%      ;
;     Processors 2-4         ;   0.0%      ;
+----------------------------+-------------+


+--------------------------------------------------------------------------------------------------------------------------------------------------------------------+
; Analysis & Synthesis Source Files Read                                                                                                                             ;
+----------------------------------+-----------------+------------------------------+----------------------------------------------------------------------+---------+
; File Name with User-Entered Path ; Used in Netlist ; File Type                    ; File Name with Absolute Path                                         ; Library ;
+----------------------------------+-----------------+------------------------------+----------------------------------------------------------------------+---------+
; ../rtl/uart_tx.v                 ; yes             ; User Verilog HDL File        ; C:/Users/TX/Desktop/i2c_eeprom/i2c_eeprom/rtl/uart_tx.v              ;         ;
; ../rtl/uart_rx.v                 ; yes             ; User Verilog HDL File        ; C:/Users/TX/Desktop/i2c_eeprom/i2c_eeprom/rtl/uart_rx.v              ;         ;
; ../rtl/param.v                   ; yes             ; User Verilog HDL File        ; C:/Users/TX/Desktop/i2c_eeprom/i2c_eeprom/rtl/param.v                ;         ;
; ../rtl/i2c_interface.v           ; yes             ; User Verilog HDL File        ; C:/Users/TX/Desktop/i2c_eeprom/i2c_eeprom/rtl/i2c_interface.v        ;         ;
; ../rtl/i2c_eeprom.v              ; yes             ; User Verilog HDL File        ; C:/Users/TX/Desktop/i2c_eeprom/i2c_eeprom/rtl/i2c_eeprom.v           ;         ;
; ../rtl/eeprom_control.v          ; yes             ; User Verilog HDL File        ; C:/Users/TX/Desktop/i2c_eeprom/i2c_eeprom/rtl/eeprom_control.v       ;         ;
; ../rtl/cmd_analy.v               ; yes             ; User Verilog HDL File        ; C:/Users/TX/Desktop/i2c_eeprom/i2c_eeprom/rtl/cmd_analy.v            ;         ;
; ../ip/wr_fifo/wrfifo.v           ; yes             ; User Wizard-Generated File   ; C:/Users/TX/Desktop/i2c_eeprom/i2c_eeprom/ip/wr_fifo/wrfifo.v        ;         ;
; ../ip/rd_fifo/rdfifo.v           ; yes             ; User Wizard-Generated File   ; C:/Users/TX/Desktop/i2c_eeprom/i2c_eeprom/ip/rd_fifo/rdfifo.v        ;         ;
; scfifo.tdf                       ; yes             ; Megafunction                 ; d:/intel_fpga/18.1/quartus/libraries/megafunctions/scfifo.tdf        ;         ;
; a_regfifo.inc                    ; yes             ; Megafunction                 ; d:/intel_fpga/18.1/quartus/libraries/megafunctions/a_regfifo.inc     ;         ;
; a_dpfifo.inc                     ; yes             ; Megafunction                 ; d:/intel_fpga/18.1/quartus/libraries/megafunctions/a_dpfifo.inc      ;         ;
; a_i2fifo.inc                     ; yes             ; Megafunction                 ; d:/intel_fpga/18.1/quartus/libraries/megafunctions/a_i2fifo.inc      ;         ;
; a_fffifo.inc                     ; yes             ; Megafunction                 ; d:/intel_fpga/18.1/quartus/libraries/megafunctions/a_fffifo.inc      ;         ;
; a_f2fifo.inc                     ; yes             ; Megafunction                 ; d:/intel_fpga/18.1/quartus/libraries/megafunctions/a_f2fifo.inc      ;         ;
; aglobal181.inc                   ; yes             ; Megafunction                 ; d:/intel_fpga/18.1/quartus/libraries/megafunctions/aglobal181.inc    ;         ;
; db/scfifo_sv31.tdf               ; yes             ; Auto-Generated Megafunction  ; C:/Users/TX/Desktop/i2c_eeprom/i2c_eeprom/prj/db/scfifo_sv31.tdf     ;         ;
; db/a_dpfifo_3641.tdf             ; yes             ; Auto-Generated Megafunction  ; C:/Users/TX/Desktop/i2c_eeprom/i2c_eeprom/prj/db/a_dpfifo_3641.tdf   ;         ;
; db/altsyncram_9nb1.tdf           ; yes             ; Auto-Generated Megafunction  ; C:/Users/TX/Desktop/i2c_eeprom/i2c_eeprom/prj/db/altsyncram_9nb1.tdf ;         ;
; db/cmpr_js8.tdf                  ; yes             ; Auto-Generated Megafunction  ; C:/Users/TX/Desktop/i2c_eeprom/i2c_eeprom/prj/db/cmpr_js8.tdf        ;         ;
; db/cntr_0ob.tdf                  ; yes             ; Auto-Generated Megafunction  ; C:/Users/TX/Desktop/i2c_eeprom/i2c_eeprom/prj/db/cntr_0ob.tdf        ;         ;
; db/cntr_do7.tdf                  ; yes             ; Auto-Generated Megafunction  ; C:/Users/TX/Desktop/i2c_eeprom/i2c_eeprom/prj/db/cntr_do7.tdf        ;         ;
; db/cntr_1ob.tdf                  ; yes             ; Auto-Generated Megafunction  ; C:/Users/TX/Desktop/i2c_eeprom/i2c_eeprom/prj/db/cntr_1ob.tdf        ;         ;
+----------------------------------+-----------------+------------------------------+----------------------------------------------------------------------+---------+


+---------------------------------------------------------+
; Analysis & Synthesis Resource Usage Summary             ;
+---------------------------------------------+-----------+
; Resource                                    ; Usage     ;
+---------------------------------------------+-----------+
; Estimated Total logic elements              ; 397       ;
;                                             ;           ;
; Total combinational functions               ; 335       ;
; Logic element usage by number of LUT inputs ;           ;
;     -- 4 input functions                    ; 165       ;
;     -- 3 input functions                    ; 75        ;
;     -- <=2 input functions                  ; 95        ;
;                                             ;           ;
; Logic elements by mode                      ;           ;
;     -- normal mode                          ; 269       ;
;     -- arithmetic mode                      ; 66        ;
;                                             ;           ;
; Total registers                             ; 240       ;
;     -- Dedicated logic registers            ; 240       ;
;     -- I/O registers                        ; 0         ;
;                                             ;           ;
; I/O pins                                    ; 6         ;
; Total memory bits                           ; 1024      ;
;                                             ;           ;
; Embedded Multiplier 9-bit elements          ; 0         ;
;                                             ;           ;
; Maximum fan-out node                        ; clk~input ;
; Maximum fan-out                             ; 256       ;
; Total fan-out                               ; 2183      ;
; Average fan-out                             ; 3.61      ;
+---------------------------------------------+-----------+


+--------------------------------------------------------------------------------------------------------------------------------------------------------------------------------------------------------------------------------------------------------------------------------------------------------------------------------------------------------------------------+
; Analysis & Synthesis Resource Utilization by Entity                                                                                                                                                                                                                                                                                                                      ;
+---------------------------------------------+---------------------+---------------------------+-------------+--------------+---------+-----------+------+--------------+----------------------------------------------------------------------------------------------------------------------------------------------------------------+-----------------+--------------+
; Compilation Hierarchy Node                  ; Combinational ALUTs ; Dedicated Logic Registers ; Memory Bits ; DSP Elements ; DSP 9x9 ; DSP 18x18 ; Pins ; Virtual Pins ; Full Hierarchy Name                                                                                                                                            ; Entity Name     ; Library Name ;
+---------------------------------------------+---------------------+---------------------------+-------------+--------------+---------+-----------+------+--------------+----------------------------------------------------------------------------------------------------------------------------------------------------------------+-----------------+--------------+
; |i2c_eeprom                                 ; 335 (0)             ; 240 (0)                   ; 1024        ; 0            ; 0       ; 0         ; 6    ; 0            ; |i2c_eeprom                                                                                                                                                    ; i2c_eeprom      ; work         ;
;    |cmd_analy:u_cmd_analy|                  ; 31 (31)             ; 45 (45)                   ; 0           ; 0            ; 0       ; 0         ; 0    ; 0            ; |i2c_eeprom|cmd_analy:u_cmd_analy                                                                                                                              ; cmd_analy       ; work         ;
;    |eeprom_control:u_eeprom_control|        ; 130 (53)            ; 98 (40)                   ; 1024        ; 0            ; 0       ; 0         ; 0    ; 0            ; |i2c_eeprom|eeprom_control:u_eeprom_control                                                                                                                    ; eeprom_control  ; work         ;
;       |rdfifo:rdfifo_inst|                  ; 38 (0)              ; 29 (0)                    ; 512         ; 0            ; 0       ; 0         ; 0    ; 0            ; |i2c_eeprom|eeprom_control:u_eeprom_control|rdfifo:rdfifo_inst                                                                                                 ; rdfifo          ; work         ;
;          |scfifo:scfifo_component|          ; 38 (0)              ; 29 (0)                    ; 512         ; 0            ; 0       ; 0         ; 0    ; 0            ; |i2c_eeprom|eeprom_control:u_eeprom_control|rdfifo:rdfifo_inst|scfifo:scfifo_component                                                                         ; scfifo          ; work         ;
;             |scfifo_sv31:auto_generated|    ; 38 (0)              ; 29 (0)                    ; 512         ; 0            ; 0       ; 0         ; 0    ; 0            ; |i2c_eeprom|eeprom_control:u_eeprom_control|rdfifo:rdfifo_inst|scfifo:scfifo_component|scfifo_sv31:auto_generated                                              ; scfifo_sv31     ; work         ;
;                |a_dpfifo_3641:dpfifo|       ; 38 (21)             ; 29 (12)                   ; 512         ; 0            ; 0       ; 0         ; 0    ; 0            ; |i2c_eeprom|eeprom_control:u_eeprom_control|rdfifo:rdfifo_inst|scfifo:scfifo_component|scfifo_sv31:auto_generated|a_dpfifo_3641:dpfifo                         ; a_dpfifo_3641   ; work         ;
;                   |altsyncram_9nb1:FIFOram| ; 0 (0)               ; 0 (0)                     ; 512         ; 0            ; 0       ; 0         ; 0    ; 0            ; |i2c_eeprom|eeprom_control:u_eeprom_control|rdfifo:rdfifo_inst|scfifo:scfifo_component|scfifo_sv31:auto_generated|a_dpfifo_3641:dpfifo|altsyncram_9nb1:FIFOram ; altsyncram_9nb1 ; work         ;
;                   |cntr_0ob:rd_ptr_msb|     ; 5 (5)               ; 5 (5)                     ; 0           ; 0            ; 0       ; 0         ; 0    ; 0            ; |i2c_eeprom|eeprom_control:u_eeprom_control|rdfifo:rdfifo_inst|scfifo:scfifo_component|scfifo_sv31:auto_generated|a_dpfifo_3641:dpfifo|cntr_0ob:rd_ptr_msb     ; cntr_0ob        ; work         ;
;                   |cntr_1ob:wr_ptr|         ; 6 (6)               ; 6 (6)                     ; 0           ; 0            ; 0       ; 0         ; 0    ; 0            ; |i2c_eeprom|eeprom_control:u_eeprom_control|rdfifo:rdfifo_inst|scfifo:scfifo_component|scfifo_sv31:auto_generated|a_dpfifo_3641:dpfifo|cntr_1ob:wr_ptr         ; cntr_1ob        ; work         ;
;                   |cntr_do7:usedw_counter|  ; 6 (6)               ; 6 (6)                     ; 0           ; 0            ; 0       ; 0         ; 0    ; 0            ; |i2c_eeprom|eeprom_control:u_eeprom_control|rdfifo:rdfifo_inst|scfifo:scfifo_component|scfifo_sv31:auto_generated|a_dpfifo_3641:dpfifo|cntr_do7:usedw_counter  ; cntr_do7        ; work         ;
;       |wrfifo:wrfifo_inst|                  ; 39 (0)              ; 29 (0)                    ; 512         ; 0            ; 0       ; 0         ; 0    ; 0            ; |i2c_eeprom|eeprom_control:u_eeprom_control|wrfifo:wrfifo_inst                                                                                                 ; wrfifo          ; work         ;
;          |scfifo:scfifo_component|          ; 39 (0)              ; 29 (0)                    ; 512         ; 0            ; 0       ; 0         ; 0    ; 0            ; |i2c_eeprom|eeprom_control:u_eeprom_control|wrfifo:wrfifo_inst|scfifo:scfifo_component                                                                         ; scfifo          ; work         ;
;             |scfifo_sv31:auto_generated|    ; 39 (0)              ; 29 (0)                    ; 512         ; 0            ; 0       ; 0         ; 0    ; 0            ; |i2c_eeprom|eeprom_control:u_eeprom_control|wrfifo:wrfifo_inst|scfifo:scfifo_component|scfifo_sv31:auto_generated                                              ; scfifo_sv31     ; work         ;
;                |a_dpfifo_3641:dpfifo|       ; 39 (22)             ; 29 (12)                   ; 512         ; 0            ; 0       ; 0         ; 0    ; 0            ; |i2c_eeprom|eeprom_control:u_eeprom_control|wrfifo:wrfifo_inst|scfifo:scfifo_component|scfifo_sv31:auto_generated|a_dpfifo_3641:dpfifo                         ; a_dpfifo_3641   ; work         ;
;                   |altsyncram_9nb1:FIFOram| ; 0 (0)               ; 0 (0)                     ; 512         ; 0            ; 0       ; 0         ; 0    ; 0            ; |i2c_eeprom|eeprom_control:u_eeprom_control|wrfifo:wrfifo_inst|scfifo:scfifo_component|scfifo_sv31:auto_generated|a_dpfifo_3641:dpfifo|altsyncram_9nb1:FIFOram ; altsyncram_9nb1 ; work         ;
;                   |cntr_0ob:rd_ptr_msb|     ; 5 (5)               ; 5 (5)                     ; 0           ; 0            ; 0       ; 0         ; 0    ; 0            ; |i2c_eeprom|eeprom_control:u_eeprom_control|wrfifo:wrfifo_inst|scfifo:scfifo_component|scfifo_sv31:auto_generated|a_dpfifo_3641:dpfifo|cntr_0ob:rd_ptr_msb     ; cntr_0ob        ; work         ;
;                   |cntr_1ob:wr_ptr|         ; 6 (6)               ; 6 (6)                     ; 0           ; 0            ; 0       ; 0         ; 0    ; 0            ; |i2c_eeprom|eeprom_control:u_eeprom_control|wrfifo:wrfifo_inst|scfifo:scfifo_component|scfifo_sv31:auto_generated|a_dpfifo_3641:dpfifo|cntr_1ob:wr_ptr         ; cntr_1ob        ; work         ;
;                   |cntr_do7:usedw_counter|  ; 6 (6)               ; 6 (6)                     ; 0           ; 0            ; 0       ; 0         ; 0    ; 0            ; |i2c_eeprom|eeprom_control:u_eeprom_control|wrfifo:wrfifo_inst|scfifo:scfifo_component|scfifo_sv31:auto_generated|a_dpfifo_3641:dpfifo|cntr_do7:usedw_counter  ; cntr_do7        ; work         ;
;    |i2c_interface:u_i2c_interface|          ; 84 (84)             ; 32 (32)                   ; 0           ; 0            ; 0       ; 0         ; 0    ; 0            ; |i2c_eeprom|i2c_interface:u_i2c_interface                                                                                                                      ; i2c_interface   ; work         ;
;    |uart_rx:u_uart_rx|                      ; 49 (49)             ; 37 (37)                   ; 0           ; 0            ; 0       ; 0         ; 0    ; 0            ; |i2c_eeprom|uart_rx:u_uart_rx                                                                                                                                  ; uart_rx         ; work         ;
;    |uart_tx:u_uart_tx|                      ; 41 (41)             ; 28 (28)                   ; 0           ; 0            ; 0       ; 0         ; 0    ; 0            ; |i2c_eeprom|uart_tx:u_uart_tx                                                                                                                                  ; uart_tx         ; work         ;
+---------------------------------------------+---------------------+---------------------------+-------------+--------------+---------+-----------+------+--------------+----------------------------------------------------------------------------------------------------------------------------------------------------------------+-----------------+--------------+
Note: For table entries with two numbers listed, the numbers in parentheses indicate the number of resources of the given type used by the specific entity alone. The numbers listed outside of parentheses indicate the total resources of the given type used by the specific entity and all of its sub-entities in the hierarchy.


+-------------------------------------------------------------------------------------------------------------------------------------------------------------------------------------------------------------------------------------------------------------------+
; Analysis & Synthesis RAM Summary                                                                                                                                                                                                                                  ;
+---------------------------------------------------------------------------------------------------------------------------------------------------------------+------+------------------+--------------+--------------+--------------+--------------+------+------+
; Name                                                                                                                                                          ; Type ; Mode             ; Port A Depth ; Port A Width ; Port B Depth ; Port B Width ; Size ; MIF  ;
+---------------------------------------------------------------------------------------------------------------------------------------------------------------+------+------------------+--------------+--------------+--------------+--------------+------+------+
; eeprom_control:u_eeprom_control|rdfifo:rdfifo_inst|scfifo:scfifo_component|scfifo_sv31:auto_generated|a_dpfifo_3641:dpfifo|altsyncram_9nb1:FIFOram|ALTSYNCRAM ; AUTO ; Simple Dual Port ; 64           ; 8            ; 64           ; 8            ; 512  ; None ;
; eeprom_control:u_eeprom_control|wrfifo:wrfifo_inst|scfifo:scfifo_component|scfifo_sv31:auto_generated|a_dpfifo_3641:dpfifo|altsyncram_9nb1:FIFOram|ALTSYNCRAM ; AUTO ; Simple Dual Port ; 64           ; 8            ; 64           ; 8            ; 512  ; None ;
+---------------------------------------------------------------------------------------------------------------------------------------------------------------+------+------------------+--------------+--------------+--------------+--------------+------+------+


+---------------------------------------------------------------------------------------------------------------------------------------------------------+
; Analysis & Synthesis IP Cores Summary                                                                                                                   ;
+--------+--------------+---------+--------------+--------------+----------------------------------------------------------------+------------------------+
; Vendor ; IP Core Name ; Version ; Release Date ; License Type ; Entity Instance                                                ; IP Include File        ;
+--------+--------------+---------+--------------+--------------+----------------------------------------------------------------+------------------------+
; Altera ; FIFO         ; 18.1    ; N/A          ; N/A          ; |i2c_eeprom|eeprom_control:u_eeprom_control|rdfifo:rdfifo_inst ; ../ip/rd_fifo/rdfifo.v ;
; Altera ; FIFO         ; 18.1    ; N/A          ; N/A          ; |i2c_eeprom|eeprom_control:u_eeprom_control|wrfifo:wrfifo_inst ; ../ip/wr_fifo/wrfifo.v ;
+--------+--------------+---------+--------------+--------------+----------------------------------------------------------------+------------------------+


Encoding Type:  One-Hot
+-------------------------------------------------------------------------------------------------------------------------------------+
; State Machine - |i2c_eeprom|i2c_interface:u_i2c_interface|state_c                                                                   ;
+------------------+--------------+------------------+------------------+--------------+---------------+---------------+--------------+
; Name             ; state_c.STOP ; state_c.SEND_ACK ; state_c.RECV_ACK ; state_c.READ ; state_c.WRITE ; state_c.START ; state_c.IDLE ;
+------------------+--------------+------------------+------------------+--------------+---------------+---------------+--------------+
; state_c.IDLE     ; 0            ; 0                ; 0                ; 0            ; 0             ; 0             ; 0            ;
; state_c.START    ; 0            ; 0                ; 0                ; 0            ; 0             ; 1             ; 1            ;
; state_c.WRITE    ; 0            ; 0                ; 0                ; 0            ; 1             ; 0             ; 1            ;
; state_c.READ     ; 0            ; 0                ; 0                ; 1            ; 0             ; 0             ; 1            ;
; state_c.RECV_ACK ; 0            ; 0                ; 1                ; 0            ; 0             ; 0             ; 1            ;
; state_c.SEND_ACK ; 0            ; 1                ; 0                ; 0            ; 0             ; 0             ; 1            ;
; state_c.STOP     ; 1            ; 0                ; 0                ; 0            ; 0             ; 0             ; 1            ;
+------------------+--------------+------------------+------------------+--------------+---------------+---------------+--------------+


Encoding Type:  One-Hot
+------------------------------------------------------------------------------------------------------------------------------+
; State Machine - |i2c_eeprom|eeprom_control:u_eeprom_control|state_c                                                          ;
+--------------------+--------------+--------------------+----------------+--------------------+----------------+--------------+
; Name               ; state_c.DONE ; state_c.WAIT_RDONE ; state_c.RD_REQ ; state_c.WAIT_WDONE ; state_c.WR_REQ ; state_c.IDLE ;
+--------------------+--------------+--------------------+----------------+--------------------+----------------+--------------+
; state_c.IDLE       ; 0            ; 0                  ; 0              ; 0                  ; 0              ; 0            ;
; state_c.WR_REQ     ; 0            ; 0                  ; 0              ; 0                  ; 1              ; 1            ;
; state_c.WAIT_WDONE ; 0            ; 0                  ; 0              ; 1                  ; 0              ; 1            ;
; state_c.RD_REQ     ; 0            ; 0                  ; 1              ; 0                  ; 0              ; 1            ;
; state_c.WAIT_RDONE ; 0            ; 1                  ; 0              ; 0                  ; 0              ; 1            ;
; state_c.DONE       ; 1            ; 0                  ; 0              ; 0                  ; 0              ; 1            ;
+--------------------+--------------+--------------------+----------------+--------------------+----------------+--------------+


Encoding Type:  One-Hot
+-------------------------------------------------------------------------------------------------------------------------------------------------------------------------------------------+
; State Machine - |i2c_eeprom|cmd_analy:u_cmd_analy|state_c                                                                                                                                 ;
+---------------------+-----------------+----------------+-----------------+----------------+-------------------+-----------------+---------------------+--------------------+--------------+
; Name                ; state_c.RD_ADDR ; state_c.RD_REQ ; state_c.WR_ADDR ; state_c.WR_REQ ; state_c.FRAME_END ; state_c.WR_DATA ; state_c.WRDATA_INST ; state_c.FRAME_HEAD ; state_c.IDLE ;
+---------------------+-----------------+----------------+-----------------+----------------+-------------------+-----------------+---------------------+--------------------+--------------+
; state_c.IDLE        ; 0               ; 0              ; 0               ; 0              ; 0                 ; 0               ; 0                   ; 0                  ; 0            ;
; state_c.FRAME_HEAD  ; 0               ; 0              ; 0               ; 0              ; 0                 ; 0               ; 0                   ; 1                  ; 1            ;
; state_c.WRDATA_INST ; 0               ; 0              ; 0               ; 0              ; 0                 ; 0               ; 1                   ; 0                  ; 1            ;
; state_c.WR_DATA     ; 0               ; 0              ; 0               ; 0              ; 0                 ; 1               ; 0                   ; 0                  ; 1            ;
; state_c.FRAME_END   ; 0               ; 0              ; 0               ; 0              ; 1                 ; 0               ; 0                   ; 0                  ; 1            ;
; state_c.WR_REQ      ; 0               ; 0              ; 0               ; 1              ; 0                 ; 0               ; 0                   ; 0                  ; 1            ;
; state_c.WR_ADDR     ; 0               ; 0              ; 1               ; 0              ; 0                 ; 0               ; 0                   ; 0                  ; 1            ;
; state_c.RD_REQ      ; 0               ; 1              ; 0               ; 0              ; 0                 ; 0               ; 0                   ; 0                  ; 1            ;
; state_c.RD_ADDR     ; 1               ; 0              ; 0               ; 0              ; 0                 ; 0               ; 0                   ; 0                  ; 1            ;
+---------------------+-----------------+----------------+-----------------+----------------+-------------------+-----------------+---------------------+--------------------+--------------+


+-----------------------------------------------------------------------------------------------+
; Registers Removed During Synthesis                                                            ;
+--------------------------------------------+--------------------------------------------------+
; Register name                              ; Reason for Removal                               ;
+--------------------------------------------+--------------------------------------------------+
; uart_tx:u_uart_tx|tx_data[0]               ; Stuck at GND due to stuck port data_in           ;
; eeprom_control:u_eeprom_control|x[2,3,5,6] ; Merged with eeprom_control:u_eeprom_control|x[7] ;
; eeprom_control:u_eeprom_control|x[1]       ; Merged with eeprom_control:u_eeprom_control|x[4] ;
; eeprom_control:u_eeprom_control|x[7]       ; Stuck at GND due to stuck port data_in           ;
; Total Number of Removed Registers = 7      ;                                                  ;
+--------------------------------------------+--------------------------------------------------+


+------------------------------------------------------+
; General Register Statistics                          ;
+----------------------------------------------+-------+
; Statistic                                    ; Value ;
+----------------------------------------------+-------+
; Total registers                              ; 240   ;
; Number of registers using Synchronous Clear  ; 8     ;
; Number of registers using Synchronous Load   ; 1     ;
; Number of registers using Asynchronous Clear ; 240   ;
; Number of registers using Asynchronous Load  ; 0     ;
; Number of registers using Clock Enable       ; 145   ;
; Number of registers using Preset             ; 0     ;
+----------------------------------------------+-------+


+---------------------------------------------------+
; Inverted Register Statistics                      ;
+-----------------------------------------+---------+
; Inverted Register                       ; Fan out ;
+-----------------------------------------+---------+
; uart_tx:u_uart_tx|dout                  ; 2       ;
; i2c_interface:u_i2c_interface|scl       ; 2       ;
; i2c_interface:u_i2c_interface|slave_ack ; 3       ;
; i2c_interface:u_i2c_interface|sda_out   ; 3       ;
; uart_rx:u_uart_rx|din_r0                ; 2       ;
; uart_rx:u_uart_rx|din_r1                ; 1       ;
; Total number of inverted registers = 6  ;         ;
+-----------------------------------------+---------+


+-------------------------------------------------------------------------------------------------------------------------------------------------------------------+
; Multiplexer Restructuring Statistics (Restructuring Performed)                                                                                                    ;
+--------------------+-----------+---------------+----------------------+------------------------+------------+-----------------------------------------------------+
; Multiplexer Inputs ; Bus Width ; Baseline Area ; Area if Restructured ; Saving if Restructured ; Registered ; Example Multiplexer Output                          ;
+--------------------+-----------+---------------+----------------------+------------------------+------------+-----------------------------------------------------+
; 3:1                ; 2 bits    ; 4 LEs         ; 2 LEs                ; 2 LEs                  ; Yes        ; |i2c_eeprom|eeprom_control:u_eeprom_control|cmd[1]  ;
; 3:1                ; 2 bits    ; 4 LEs         ; 2 LEs                ; 2 LEs                  ; Yes        ; |i2c_eeprom|eeprom_control:u_eeprom_control|cmd[3]  ;
; 3:1                ; 2 bits    ; 4 LEs         ; 2 LEs                ; 2 LEs                  ; Yes        ; |i2c_eeprom|eeprom_control:u_eeprom_control|x[4]    ;
; 259:1              ; 4 bits    ; 688 LEs       ; 8 LEs                ; 680 LEs                ; Yes        ; |i2c_eeprom|eeprom_control:u_eeprom_control|data[2] ;
; 131:1              ; 3 bits    ; 261 LEs       ; 9 LEs                ; 252 LEs                ; Yes        ; |i2c_eeprom|eeprom_control:u_eeprom_control|data[0] ;
; 3:1                ; 2 bits    ; 4 LEs         ; 2 LEs                ; 2 LEs                  ; No         ; |i2c_eeprom|cmd_analy:u_cmd_analy|state_n           ;
+--------------------+-----------+---------------+----------------------+------------------------+------------+-----------------------------------------------------+


+---------------------------------------------------------------------------------------------------------------------------------------------------------------------------+
; Source assignments for eeprom_control:u_eeprom_control|wrfifo:wrfifo_inst|scfifo:scfifo_component|scfifo_sv31:auto_generated|a_dpfifo_3641:dpfifo|altsyncram_9nb1:FIFOram ;
+---------------------------------+--------------------+------+-------------------------------------------------------------------------------------------------------------+
; Assignment                      ; Value              ; From ; To                                                                                                          ;
+---------------------------------+--------------------+------+-------------------------------------------------------------------------------------------------------------+
; OPTIMIZE_POWER_DURING_SYNTHESIS ; NORMAL_COMPILATION ; -    ; -                                                                                                           ;
+---------------------------------+--------------------+------+-------------------------------------------------------------------------------------------------------------+


+---------------------------------------------------------------------------------------------------------------------------------------------------------------------------+
; Source assignments for eeprom_control:u_eeprom_control|rdfifo:rdfifo_inst|scfifo:scfifo_component|scfifo_sv31:auto_generated|a_dpfifo_3641:dpfifo|altsyncram_9nb1:FIFOram ;
+---------------------------------+--------------------+------+-------------------------------------------------------------------------------------------------------------+
; Assignment                      ; Value              ; From ; To                                                                                                          ;
+---------------------------------+--------------------+------+-------------------------------------------------------------------------------------------------------------+
; OPTIMIZE_POWER_DURING_SYNTHESIS ; NORMAL_COMPILATION ; -    ; -                                                                                                           ;
+---------------------------------+--------------------+------+-------------------------------------------------------------------------------------------------------------+


+-------------------------------------------------------------------------------------------------------------------------+
; Parameter Settings for User Entity Instance: eeprom_control:u_eeprom_control|wrfifo:wrfifo_inst|scfifo:scfifo_component ;
+-------------------------+--------------+--------------------------------------------------------------------------------+
; Parameter Name          ; Value        ; Type                                                                           ;
+-------------------------+--------------+--------------------------------------------------------------------------------+
; AUTO_CARRY_CHAINS       ; ON           ; AUTO_CARRY                                                                     ;
; IGNORE_CARRY_BUFFERS    ; OFF          ; IGNORE_CARRY                                                                   ;
; AUTO_CASCADE_CHAINS     ; ON           ; AUTO_CASCADE                                                                   ;
; IGNORE_CASCADE_BUFFERS  ; OFF          ; IGNORE_CASCADE                                                                 ;
; lpm_width               ; 8            ; Signed Integer                                                                 ;
; LPM_NUMWORDS            ; 64           ; Signed Integer                                                                 ;
; LPM_WIDTHU              ; 6            ; Signed Integer                                                                 ;
; LPM_SHOWAHEAD           ; ON           ; Untyped                                                                        ;
; UNDERFLOW_CHECKING      ; ON           ; Untyped                                                                        ;
; OVERFLOW_CHECKING       ; ON           ; Untyped                                                                        ;
; ALLOW_RWCYCLE_WHEN_FULL ; OFF          ; Untyped                                                                        ;
; ADD_RAM_OUTPUT_REGISTER ; OFF          ; Untyped                                                                        ;
; ALMOST_FULL_VALUE       ; 0            ; Untyped                                                                        ;
; ALMOST_EMPTY_VALUE      ; 0            ; Untyped                                                                        ;
; ENABLE_ECC              ; FALSE        ; Untyped                                                                        ;
; USE_EAB                 ; ON           ; Untyped                                                                        ;
; MAXIMIZE_SPEED          ; 5            ; Untyped                                                                        ;
; DEVICE_FAMILY           ; Cyclone IV E ; Untyped                                                                        ;
; OPTIMIZE_FOR_SPEED      ; 5            ; Untyped                                                                        ;
; CBXI_PARAMETER          ; scfifo_sv31  ; Untyped                                                                        ;
+-------------------------+--------------+--------------------------------------------------------------------------------+
Note: In order to hide this table in the UI and the text report file, please set the "Show Parameter Settings in Synthesis Report" option in "Analysis and Synthesis Settings -> More Settings" to "Off".


+-------------------------------------------------------------------------------------------------------------------------+
; Parameter Settings for User Entity Instance: eeprom_control:u_eeprom_control|rdfifo:rdfifo_inst|scfifo:scfifo_component ;
+-------------------------+--------------+--------------------------------------------------------------------------------+
; Parameter Name          ; Value        ; Type                                                                           ;
+-------------------------+--------------+--------------------------------------------------------------------------------+
; AUTO_CARRY_CHAINS       ; ON           ; AUTO_CARRY                                                                     ;
; IGNORE_CARRY_BUFFERS    ; OFF          ; IGNORE_CARRY                                                                   ;
; AUTO_CASCADE_CHAINS     ; ON           ; AUTO_CASCADE                                                                   ;
; IGNORE_CASCADE_BUFFERS  ; OFF          ; IGNORE_CASCADE                                                                 ;
; lpm_width               ; 8            ; Signed Integer                                                                 ;
; LPM_NUMWORDS            ; 64           ; Signed Integer                                                                 ;
; LPM_WIDTHU              ; 6            ; Signed Integer                                                                 ;
; LPM_SHOWAHEAD           ; ON           ; Untyped                                                                        ;
; UNDERFLOW_CHECKING      ; ON           ; Untyped                                                                        ;
; OVERFLOW_CHECKING       ; ON           ; Untyped                                                                        ;
; ALLOW_RWCYCLE_WHEN_FULL ; OFF          ; Untyped                                                                        ;
; ADD_RAM_OUTPUT_REGISTER ; OFF          ; Untyped                                                                        ;
; ALMOST_FULL_VALUE       ; 0            ; Untyped                                                                        ;
; ALMOST_EMPTY_VALUE      ; 0            ; Untyped                                                                        ;
; ENABLE_ECC              ; FALSE        ; Untyped                                                                        ;
; USE_EAB                 ; ON           ; Untyped                                                                        ;
; MAXIMIZE_SPEED          ; 5            ; Untyped                                                                        ;
; DEVICE_FAMILY           ; Cyclone IV E ; Untyped                                                                        ;
; OPTIMIZE_FOR_SPEED      ; 5            ; Untyped                                                                        ;
; CBXI_PARAMETER          ; scfifo_sv31  ; Untyped                                                                        ;
+-------------------------+--------------+--------------------------------------------------------------------------------+
Note: In order to hide this table in the UI and the text report file, please set the "Show Parameter Settings in Synthesis Report" option in "Analysis and Synthesis Settings -> More Settings" to "Off".


+---------------------------------------------------------------------------------------------------------+
; scfifo Parameter Settings by Entity Instance                                                            ;
+----------------------------+----------------------------------------------------------------------------+
; Name                       ; Value                                                                      ;
+----------------------------+----------------------------------------------------------------------------+
; Number of entity instances ; 2                                                                          ;
; Entity Instance            ; eeprom_control:u_eeprom_control|wrfifo:wrfifo_inst|scfifo:scfifo_component ;
;     -- FIFO Type           ; Single Clock                                                               ;
;     -- lpm_width           ; 8                                                                          ;
;     -- LPM_NUMWORDS        ; 64                                                                         ;
;     -- LPM_SHOWAHEAD       ; ON                                                                         ;
;     -- USE_EAB             ; ON                                                                         ;
; Entity Instance            ; eeprom_control:u_eeprom_control|rdfifo:rdfifo_inst|scfifo:scfifo_component ;
;     -- FIFO Type           ; Single Clock                                                               ;
;     -- lpm_width           ; 8                                                                          ;
;     -- LPM_NUMWORDS        ; 64                                                                         ;
;     -- LPM_SHOWAHEAD       ; ON                                                                         ;
;     -- USE_EAB             ; ON                                                                         ;
+----------------------------+----------------------------------------------------------------------------+


+-----------------------------------------------------------------------------------------------------------------+
; Port Connectivity Checks: "eeprom_control:u_eeprom_control|rdfifo:rdfifo_inst"                                  ;
+-------+--------+----------+-------------------------------------------------------------------------------------+
; Port  ; Type   ; Severity ; Details                                                                             ;
+-------+--------+----------+-------------------------------------------------------------------------------------+
; usedw ; Output ; Info     ; Connected to dangling logic. Logic that only feeds a dangling port will be removed. ;
+-------+--------+----------+-------------------------------------------------------------------------------------+


+-----------------------------------------------------+
; Post-Synthesis Netlist Statistics for Top Partition ;
+-----------------------+-----------------------------+
; Type                  ; Count                       ;
+-----------------------+-----------------------------+
; boundary_port         ; 6                           ;
; cycloneiii_ff         ; 240                         ;
;     CLR               ; 94                          ;
;     CLR SLD           ; 1                           ;
;     ENA CLR           ; 137                         ;
;     ENA CLR SCLR      ; 8                           ;
; cycloneiii_io_obuf    ; 1                           ;
; cycloneiii_lcell_comb ; 337                         ;
;     arith             ; 66                          ;
;         2 data inputs ; 56                          ;
;         3 data inputs ; 10                          ;
;     normal            ; 271                         ;
;         1 data inputs ; 18                          ;
;         2 data inputs ; 23                          ;
;         3 data inputs ; 65                          ;
;         4 data inputs ; 165                         ;
; cycloneiii_ram_block  ; 16                          ;
;                       ;                             ;
; Max LUT depth         ; 5.00                        ;
; Average LUT depth     ; 2.74                        ;
+-----------------------+-----------------------------+


+-------------------------------+
; Elapsed Time Per Partition    ;
+----------------+--------------+
; Partition Name ; Elapsed Time ;
+----------------+--------------+
; Top            ; 00:00:01     ;
+----------------+--------------+


+-------------------------------+
; Analysis & Synthesis Messages ;
+-------------------------------+
Info: *******************************************************************
Info: Running Quartus Prime Analysis & Synthesis
    Info: Version 18.1.0 Build 625 09/12/2018 SJ Standard Edition
    Info: Processing started: Mon Aug 30 11:08:56 2021
Info: Command: quartus_map --read_settings_files=on --write_settings_files=off i2c_eeprom -c i2c_eeprom
Warning (18236): Number of processors has not been specified which may cause overloading on shared machines.  Set the global assignment NUM_PARALLEL_PROCESSORS in your QSF to an appropriate value for best performance.
Info (20030): Parallel compilation is enabled and will use 4 of the 4 processors detected
Info (12021): Found 1 design units, including 1 entities, in source file /users/tx/desktop/i2c_eeprom/i2c_eeprom/rtl/uart_tx.v
    Info (12023): Found entity 1: uart_tx File: C:/Users/TX/Desktop/i2c_eeprom/i2c_eeprom/rtl/uart_tx.v Line: 2
Info (12021): Found 1 design units, including 1 entities, in source file /users/tx/desktop/i2c_eeprom/i2c_eeprom/rtl/uart_rx.v
    Info (12023): Found entity 1: uart_rx File: C:/Users/TX/Desktop/i2c_eeprom/i2c_eeprom/rtl/uart_rx.v Line: 2
Info (12021): Found 0 design units, including 0 entities, in source file /users/tx/desktop/i2c_eeprom/i2c_eeprom/rtl/param.v
Info (12021): Found 1 design units, including 1 entities, in source file /users/tx/desktop/i2c_eeprom/i2c_eeprom/rtl/i2c_interface.v
    Info (12023): Found entity 1: i2c_interface File: C:/Users/TX/Desktop/i2c_eeprom/i2c_eeprom/rtl/i2c_interface.v Line: 3
Info (12021): Found 1 design units, including 1 entities, in source file /users/tx/desktop/i2c_eeprom/i2c_eeprom/rtl/i2c_eeprom.v
    Info (12023): Found entity 1: i2c_eeprom File: C:/Users/TX/Desktop/i2c_eeprom/i2c_eeprom/rtl/i2c_eeprom.v Line: 1
Info (12021): Found 1 design units, including 1 entities, in source file /users/tx/desktop/i2c_eeprom/i2c_eeprom/rtl/eeprom_control.v
    Info (12023): Found entity 1: eeprom_control File: C:/Users/TX/Desktop/i2c_eeprom/i2c_eeprom/rtl/eeprom_control.v Line: 3
Info (12021): Found 1 design units, including 1 entities, in source file /users/tx/desktop/i2c_eeprom/i2c_eeprom/rtl/cmd_analy.v
    Info (12023): Found entity 1: cmd_analy File: C:/Users/TX/Desktop/i2c_eeprom/i2c_eeprom/rtl/cmd_analy.v Line: 34
Info (12021): Found 1 design units, including 1 entities, in source file /users/tx/desktop/i2c_eeprom/i2c_eeprom/ip/wr_fifo/wrfifo.v
    Info (12023): Found entity 1: wrfifo File: C:/Users/TX/Desktop/i2c_eeprom/i2c_eeprom/ip/wr_fifo/wrfifo.v Line: 39
Info (12021): Found 1 design units, including 1 entities, in source file /users/tx/desktop/i2c_eeprom/i2c_eeprom/ip/rd_fifo/rdfifo.v
    Info (12023): Found entity 1: rdfifo File: C:/Users/TX/Desktop/i2c_eeprom/i2c_eeprom/ip/rd_fifo/rdfifo.v Line: 39
Info (12127): Elaborating entity "i2c_eeprom" for the top level hierarchy
Info (12128): Elaborating entity "uart_rx" for hierarchy "uart_rx:u_uart_rx" File: C:/Users/TX/Desktop/i2c_eeprom/i2c_eeprom/rtl/i2c_eeprom.v Line: 46
Warning (10230): Verilog HDL assignment warning at uart_rx.v(39): truncated value with size 32 to match size of target (13) File: C:/Users/TX/Desktop/i2c_eeprom/i2c_eeprom/rtl/uart_rx.v Line: 39
Warning (10230): Verilog HDL assignment warning at uart_rx.v(56): truncated value with size 32 to match size of target (4) File: C:/Users/TX/Desktop/i2c_eeprom/i2c_eeprom/rtl/uart_rx.v Line: 56
Info (12128): Elaborating entity "cmd_analy" for hierarchy "cmd_analy:u_cmd_analy" File: C:/Users/TX/Desktop/i2c_eeprom/i2c_eeprom/rtl/i2c_eeprom.v Line: 59
Info (12128): Elaborating entity "eeprom_control" for hierarchy "eeprom_control:u_eeprom_control" File: C:/Users/TX/Desktop/i2c_eeprom/i2c_eeprom/rtl/i2c_eeprom.v Line: 82
Warning (10230): Verilog HDL assignment warning at eeprom_control.v(134): truncated value with size 32 to match size of target (8) File: C:/Users/TX/Desktop/i2c_eeprom/i2c_eeprom/rtl/eeprom_control.v Line: 134
Info (12128): Elaborating entity "wrfifo" for hierarchy "eeprom_control:u_eeprom_control|wrfifo:wrfifo_inst" File: C:/Users/TX/Desktop/i2c_eeprom/i2c_eeprom/rtl/eeprom_control.v Line: 285
Info (12128): Elaborating entity "scfifo" for hierarchy "eeprom_control:u_eeprom_control|wrfifo:wrfifo_inst|scfifo:scfifo_component" File: C:/Users/TX/Desktop/i2c_eeprom/i2c_eeprom/ip/wr_fifo/wrfifo.v Line: 82
Info (12130): Elaborated megafunction instantiation "eeprom_control:u_eeprom_control|wrfifo:wrfifo_inst|scfifo:scfifo_component" File: C:/Users/TX/Desktop/i2c_eeprom/i2c_eeprom/ip/wr_fifo/wrfifo.v Line: 82
Info (12133): Instantiated megafunction "eeprom_control:u_eeprom_control|wrfifo:wrfifo_inst|scfifo:scfifo_component" with the following parameter: File: C:/Users/TX/Desktop/i2c_eeprom/i2c_eeprom/ip/wr_fifo/wrfifo.v Line: 82
    Info (12134): Parameter "add_ram_output_register" = "OFF"
    Info (12134): Parameter "intended_device_family" = "Cyclone IV E"
    Info (12134): Parameter "lpm_numwords" = "64"
    Info (12134): Parameter "lpm_showahead" = "ON"
    Info (12134): Parameter "lpm_type" = "scfifo"
    Info (12134): Parameter "lpm_width" = "8"
    Info (12134): Parameter "lpm_widthu" = "6"
    Info (12134): Parameter "overflow_checking" = "ON"
    Info (12134): Parameter "underflow_checking" = "ON"
    Info (12134): Parameter "use_eab" = "ON"
Info (12021): Found 1 design units, including 1 entities, in source file db/scfifo_sv31.tdf
    Info (12023): Found entity 1: scfifo_sv31 File: C:/Users/TX/Desktop/i2c_eeprom/i2c_eeprom/prj/db/scfifo_sv31.tdf Line: 24
Info (12128): Elaborating entity "scfifo_sv31" for hierarchy "eeprom_control:u_eeprom_control|wrfifo:wrfifo_inst|scfifo:scfifo_component|scfifo_sv31:auto_generated" File: d:/intel_fpga/18.1/quartus/libraries/megafunctions/scfifo.tdf Line: 299
Info (12021): Found 1 design units, including 1 entities, in source file db/a_dpfifo_3641.tdf
    Info (12023): Found entity 1: a_dpfifo_3641 File: C:/Users/TX/Desktop/i2c_eeprom/i2c_eeprom/prj/db/a_dpfifo_3641.tdf Line: 32
Info (12128): Elaborating entity "a_dpfifo_3641" for hierarchy "eeprom_control:u_eeprom_control|wrfifo:wrfifo_inst|scfifo:scfifo_component|scfifo_sv31:auto_generated|a_dpfifo_3641:dpfifo" File: C:/Users/TX/Desktop/i2c_eeprom/i2c_eeprom/prj/db/scfifo_sv31.tdf Line: 37
Info (12021): Found 1 design units, including 1 entities, in source file db/altsyncram_9nb1.tdf
    Info (12023): Found entity 1: altsyncram_9nb1 File: C:/Users/TX/Desktop/i2c_eeprom/i2c_eeprom/prj/db/altsyncram_9nb1.tdf Line: 27
Info (12128): Elaborating entity "altsyncram_9nb1" for hierarchy "eeprom_control:u_eeprom_control|wrfifo:wrfifo_inst|scfifo:scfifo_component|scfifo_sv31:auto_generated|a_dpfifo_3641:dpfifo|altsyncram_9nb1:FIFOram" File: C:/Users/TX/Desktop/i2c_eeprom/i2c_eeprom/prj/db/a_dpfifo_3641.tdf Line: 46
Info (12021): Found 1 design units, including 1 entities, in source file db/cmpr_js8.tdf
    Info (12023): Found entity 1: cmpr_js8 File: C:/Users/TX/Desktop/i2c_eeprom/i2c_eeprom/prj/db/cmpr_js8.tdf Line: 22
Info (12128): Elaborating entity "cmpr_js8" for hierarchy "eeprom_control:u_eeprom_control|wrfifo:wrfifo_inst|scfifo:scfifo_component|scfifo_sv31:auto_generated|a_dpfifo_3641:dpfifo|cmpr_js8:almost_full_comparer" File: C:/Users/TX/Desktop/i2c_eeprom/i2c_eeprom/prj/db/a_dpfifo_3641.tdf Line: 55
Info (12128): Elaborating entity "cmpr_js8" for hierarchy "eeprom_control:u_eeprom_control|wrfifo:wrfifo_inst|scfifo:scfifo_component|scfifo_sv31:auto_generated|a_dpfifo_3641:dpfifo|cmpr_js8:three_comparison" File: C:/Users/TX/Desktop/i2c_eeprom/i2c_eeprom/prj/db/a_dpfifo_3641.tdf Line: 56
Info (12021): Found 1 design units, including 1 entities, in source file db/cntr_0ob.tdf
    Info (12023): Found entity 1: cntr_0ob File: C:/Users/TX/Desktop/i2c_eeprom/i2c_eeprom/prj/db/cntr_0ob.tdf Line: 25
Info (12128): Elaborating entity "cntr_0ob" for hierarchy "eeprom_control:u_eeprom_control|wrfifo:wrfifo_inst|scfifo:scfifo_component|scfifo_sv31:auto_generated|a_dpfifo_3641:dpfifo|cntr_0ob:rd_ptr_msb" File: C:/Users/TX/Desktop/i2c_eeprom/i2c_eeprom/prj/db/a_dpfifo_3641.tdf Line: 57
Info (12021): Found 1 design units, including 1 entities, in source file db/cntr_do7.tdf
    Info (12023): Found entity 1: cntr_do7 File: C:/Users/TX/Desktop/i2c_eeprom/i2c_eeprom/prj/db/cntr_do7.tdf Line: 25
Info (12128): Elaborating entity "cntr_do7" for hierarchy "eeprom_control:u_eeprom_control|wrfifo:wrfifo_inst|scfifo:scfifo_component|scfifo_sv31:auto_generated|a_dpfifo_3641:dpfifo|cntr_do7:usedw_counter" File: C:/Users/TX/Desktop/i2c_eeprom/i2c_eeprom/prj/db/a_dpfifo_3641.tdf Line: 58
Info (12021): Found 1 design units, including 1 entities, in source file db/cntr_1ob.tdf
    Info (12023): Found entity 1: cntr_1ob File: C:/Users/TX/Desktop/i2c_eeprom/i2c_eeprom/prj/db/cntr_1ob.tdf Line: 25
Info (12128): Elaborating entity "cntr_1ob" for hierarchy "eeprom_control:u_eeprom_control|wrfifo:wrfifo_inst|scfifo:scfifo_component|scfifo_sv31:auto_generated|a_dpfifo_3641:dpfifo|cntr_1ob:wr_ptr" File: C:/Users/TX/Desktop/i2c_eeprom/i2c_eeprom/prj/db/a_dpfifo_3641.tdf Line: 59
Info (12128): Elaborating entity "rdfifo" for hierarchy "eeprom_control:u_eeprom_control|rdfifo:rdfifo_inst" File: C:/Users/TX/Desktop/i2c_eeprom/i2c_eeprom/rtl/eeprom_control.v Line: 299
Info (12128): Elaborating entity "i2c_interface" for hierarchy "i2c_interface:u_i2c_interface" File: C:/Users/TX/Desktop/i2c_eeprom/i2c_eeprom/rtl/i2c_eeprom.v Line: 100
Warning (10230): Verilog HDL assignment warning at i2c_interface.v(151): truncated value with size 32 to match size of target (8) File: C:/Users/TX/Desktop/i2c_eeprom/i2c_eeprom/rtl/i2c_interface.v Line: 151
Warning (10230): Verilog HDL assignment warning at i2c_interface.v(168): truncated value with size 32 to match size of target (4) File: C:/Users/TX/Desktop/i2c_eeprom/i2c_eeprom/rtl/i2c_interface.v Line: 168
Info (12128): Elaborating entity "uart_tx" for hierarchy "uart_tx:u_uart_tx" File: C:/Users/TX/Desktop/i2c_eeprom/i2c_eeprom/rtl/i2c_eeprom.v Line: 109
Warning (10230): Verilog HDL assignment warning at uart_tx.v(34): truncated value with size 32 to match size of target (13) File: C:/Users/TX/Desktop/i2c_eeprom/i2c_eeprom/rtl/uart_tx.v Line: 34
Warning (10230): Verilog HDL assignment warning at uart_tx.v(50): truncated value with size 32 to match size of target (4) File: C:/Users/TX/Desktop/i2c_eeprom/i2c_eeprom/rtl/uart_tx.v Line: 50
Info (13000): Registers with preset signals will power-up high File: C:/Users/TX/Desktop/i2c_eeprom/i2c_eeprom/rtl/uart_tx.v Line: 9
Info (13003): DEV_CLRn pin will set, and not reset, register with preset signal due to NOT Gate Push-Back
Info (286030): Timing-Driven Synthesis is running
Info (144001): Generated suppressed messages file C:/Users/TX/Desktop/i2c_eeprom/i2c_eeprom/prj/output_files/i2c_eeprom.map.smsg
Info (16010): Generating hard_block partition "hard_block:auto_generated_inst"
    Info (16011): Adding 0 node(s), including 0 DDIO, 0 PLL, 0 transceiver and 0 LCELL
Info (21057): Implemented 442 device resources after synthesis - the final resource count might be different
    Info (21058): Implemented 3 input pins
    Info (21059): Implemented 2 output pins
    Info (21060): Implemented 1 bidirectional pins
    Info (21061): Implemented 420 logic cells
    Info (21064): Implemented 16 RAM segments
Info: Quartus Prime Analysis & Synthesis was successful. 0 errors, 8 warnings
    Info: Peak virtual memory: 4774 megabytes
    Info: Processing ended: Mon Aug 30 11:09:10 2021
    Info: Elapsed time: 00:00:14
    Info: Total CPU time (on all processors): 00:00:26


+------------------------------------------+
; Analysis & Synthesis Suppressed Messages ;
+------------------------------------------+
The suppressed messages can be found in C:/Users/TX/Desktop/i2c_eeprom/i2c_eeprom/prj/output_files/i2c_eeprom.map.smsg.


