Flow report for ov5640_sdram_vga
Mon Dec 13 18:28:35 2021
Quartus Prime Version 18.1.0 Build 625 09/12/2018 SJ Standard Edition


---------------------
; Table of Contents ;
---------------------
  1. Legal Notice
  2. Flow Summary
  3. Flow Settings
  4. Flow Non-Default Global Settings
  5. Flow Elapsed Time
  6. Flow OS Summary
  7. Flow Log
  8. Flow Messages
  9. Flow Suppressed Messages



----------------
; Legal Notice ;
----------------
Copyright (C) 2018  Intel Corporation. All rights reserved.
Your use of Intel Corporation's design tools, logic functions 
and other software and tools, and its AMPP partner logic 
functions, and any output files from any of the foregoing 
(including device programming or simulation files), and any 
associated documentation or information are expressly subject 
to the terms and conditions of the Intel Program License 
Subscription Agreement, the Intel Quartus Prime License Agreement,
the Intel FPGA IP License Agreement, or other applicable license
agreement, including, without limitation, that your use is for
the sole purpose of programming logic devices manufactured by
Intel and sold by Intel or its authorized distributors.  Please
refer to the applicable agreement for further details.



+-----------------------------------------------------------------------------------+
; Flow Summary                                                                      ;
+---------------------------------+-------------------------------------------------+
; Flow Status                     ; Successful - Mon Dec 13 18:28:35 2021           ;
; Quartus Prime Version           ; 18.1.0 Build 625 09/12/2018 SJ Standard Edition ;
; Revision Name                   ; ov5640_sdram_vga                                ;
; Top-level Entity Name           ; ov5640_sdram_vga                                ;
; Family                          ; Cyclone V                                       ;
; Device                          ; 5CSXFC6D6F31C6                                  ;
; Timing Models                   ; Final                                           ;
; Logic utilization (in ALMs)     ; 719 / 41,910 ( 2 % )                            ;
; Total registers                 ; 649                                             ;
; Total pins                      ; 86 / 499 ( 17 % )                               ;
; Total virtual pins              ; 0                                               ;
; Total block memory bits         ; 127,216 / 5,662,720 ( 2 % )                     ;
; Total DSP Blocks                ; 0 / 112 ( 0 % )                                 ;
; Total HSSI RX PCSs              ; 0 / 9 ( 0 % )                                   ;
; Total HSSI PMA RX Deserializers ; 0 / 9 ( 0 % )                                   ;
; Total HSSI TX PCSs              ; 0 / 9 ( 0 % )                                   ;
; Total HSSI PMA TX Serializers   ; 0 / 9 ( 0 % )                                   ;
; Total PLLs                      ; 2 / 15 ( 13 % )                                 ;
; Total DLLs                      ; 0 / 4 ( 0 % )                                   ;
+---------------------------------+-------------------------------------------------+


+-----------------------------------------+
; Flow Settings                           ;
+-------------------+---------------------+
; Option            ; Setting             ;
+-------------------+---------------------+
; Start date & time ; 12/13/2021 18:24:28 ;
; Main task         ; Compilation         ;
; Revision Name     ; ov5640_sdram_vga    ;
+-------------------+---------------------+


+------------------------------------------------------------------------------------------------------------------------------+
; Flow Non-Default Global Settings                                                                                             ;
+--------------------------------------+----------------------------------------+---------------+-------------+----------------+
; Assignment Name                      ; Value                                  ; Default Value ; Entity Name ; Section Id     ;
+--------------------------------------+----------------------------------------+---------------+-------------+----------------+
; COMPILER_SIGNATURE_ID                ; 26601946805893.163939106805976         ; --            ; --          ; --             ;
; EDA_DESIGN_INSTANCE_NAME             ; NA                                     ; --            ; --          ; top_tb         ;
; EDA_NATIVELINK_SIMULATION_TEST_BENCH ; top_tb                                 ; --            ; --          ; eda_simulation ;
; EDA_OUTPUT_DATA_FORMAT               ; Verilog Hdl                            ; --            ; --          ; eda_simulation ;
; EDA_SIMULATION_TOOL                  ; ModelSim-Altera (Verilog)              ; <None>        ; --          ; --             ;
; EDA_TEST_BENCH_ENABLE_STATUS         ; TEST_BENCH_MODE                        ; --            ; --          ; eda_simulation ;
; EDA_TEST_BENCH_FILE                  ; ../tb/top_tb.v                         ; --            ; --          ; top_tb         ;
; EDA_TEST_BENCH_FILE                  ; ../ip/pll1/pll1_sim/pll1.vo            ; --            ; --          ; top_tb         ;
; EDA_TEST_BENCH_FILE                  ; ../ip/pll0/pll0_sim/pll0.vo            ; --            ; --          ; top_tb         ;
; EDA_TEST_BENCH_FILE                  ; ../tb/sdram_slave_model/sdr_module.v   ; --            ; --          ; top_tb         ;
; EDA_TEST_BENCH_FILE                  ; ../tb/sdram_slave_model/sdr.v          ; --            ; --          ; top_tb         ;
; EDA_TEST_BENCH_MODULE_NAME           ; top_tb                                 ; --            ; --          ; top_tb         ;
; EDA_TEST_BENCH_NAME                  ; top_tb                                 ; --            ; --          ; eda_simulation ;
; EDA_TIME_SCALE                       ; 1 ps                                   ; --            ; --          ; eda_simulation ;
; ENABLE_SIGNALTAP                     ; Off                                    ; --            ; --          ; --             ;
; MAX_CORE_JUNCTION_TEMP               ; 85                                     ; --            ; --          ; --             ;
; MIN_CORE_JUNCTION_TEMP               ; 0                                      ; --            ; --          ; --             ;
; MISC_FILE                            ; ../ip/sobel_shift/sobel_shift_inst.v   ; --            ; --          ; --             ;
; MISC_FILE                            ; ../ip/sobel_shift/sobel_shift_bb.v     ; --            ; --          ; --             ;
; MISC_FILE                            ; ../ip/vga_fifo/vga_fifo_inst.v         ; --            ; --          ; --             ;
; MISC_FILE                            ; ../ip/vga_fifo/vga_fifo_bb.v           ; --            ; --          ; --             ;
; MISC_FILE                            ; ../ip/data_buf/data_buf_inst.v         ; --            ; --          ; --             ;
; MISC_FILE                            ; ../ip/data_buf/data_buf_bb.v           ; --            ; --          ; --             ;
; MISC_FILE                            ; ../ip/cmd_buf/cmd_buf_inst.v           ; --            ; --          ; --             ;
; MISC_FILE                            ; ../ip/cmd_buf/cmd_buf_bb.v             ; --            ; --          ; --             ;
; MISC_FILE                            ; ../ip/wrfifo/wrfifo_inst.v             ; --            ; --          ; --             ;
; MISC_FILE                            ; ../ip/wrfifo/wrfifo_bb.v               ; --            ; --          ; --             ;
; MISC_FILE                            ; ../ip/rdfifo/rdfifo_inst.v             ; --            ; --          ; --             ;
; MISC_FILE                            ; ../ip/rdfifo/rdfifo_bb.v               ; --            ; --          ; --             ;
; MISC_FILE                            ; ../ip/gs_shift/gs_shift_inst.v         ; --            ; --          ; --             ;
; MISC_FILE                            ; ../ip/gs_shift/gs_shift_bb.v           ; --            ; --          ; --             ;
; MISC_FILE                            ; ../ip/iobuf/iobuf_inst.v               ; --            ; --          ; --             ;
; MISC_FILE                            ; ../ip/iobuf/iobuf_bb.v                 ; --            ; --          ; --             ;
; MISC_FILE                            ; ../ip/pll0/pll0.cmp                    ; --            ; --          ; --             ;
; MISC_FILE                            ; ../ip/pll0/pll0_sim/pll0.vo            ; --            ; --          ; --             ;
; MISC_FILE                            ; ../ip/pll1/pll1.cmp                    ; --            ; --          ; --             ;
; MISC_FILE                            ; ../ip/pll1/pll1_sim/pll1.vo            ; --            ; --          ; --             ;
; PARTITION_COLOR                      ; -- (Not supported for targeted family) ; --            ; --          ; Top            ;
; PARTITION_FITTER_PRESERVATION_LEVEL  ; -- (Not supported for targeted family) ; --            ; --          ; Top            ;
; PARTITION_NETLIST_TYPE               ; -- (Not supported for targeted family) ; --            ; --          ; Top            ;
; POWER_BOARD_THERMAL_MODEL            ; None (CONSERVATIVE)                    ; --            ; --          ; --             ;
; POWER_PRESET_COOLING_SOLUTION        ; 23 MM HEAT SINK WITH 200 LFPM AIRFLOW  ; --            ; --          ; --             ;
; PROJECT_OUTPUT_DIRECTORY             ; output_files                           ; --            ; --          ; --             ;
; SPD_FILE                             ; ../ip/pll0/pll0.spd                    ; --            ; --          ; --             ;
; SPD_FILE                             ; ../ip/pll1/pll1.spd                    ; --            ; --          ; --             ;
; SYNTHESIS_ONLY_QIP                   ; On                                     ; --            ; --          ; --             ;
; SYNTHESIS_ONLY_QIP                   ; On                                     ; --            ; --          ; --             ;
; USE_SIGNALTAP_FILE                   ; stp1.stp                               ; --            ; --          ; --             ;
+--------------------------------------+----------------------------------------+---------------+-------------+----------------+


+--------------------------------------------------------------------------------------------------------------------------+
; Flow Elapsed Time                                                                                                        ;
+----------------------+--------------+-------------------------+---------------------+------------------------------------+
; Module Name          ; Elapsed Time ; Average Processors Used ; Peak Virtual Memory ; Total CPU Time (on all processors) ;
+----------------------+--------------+-------------------------+---------------------+------------------------------------+
; Analysis & Synthesis ; 00:00:36     ; 1.0                     ; 4900 MB             ; 00:00:50                           ;
; Fitter               ; 00:03:02     ; 1.1                     ; 6872 MB             ; 00:09:40                           ;
; Assembler            ; 00:00:09     ; 1.0                     ; 4848 MB             ; 00:00:09                           ;
; Timing Analyzer      ; 00:00:11     ; 1.5                     ; 5238 MB             ; 00:00:15                           ;
; EDA Netlist Writer   ; 00:00:02     ; 1.0                     ; 4871 MB             ; 00:00:03                           ;
; Total                ; 00:04:00     ; --                      ; --                  ; 00:10:57                           ;
+----------------------+--------------+-------------------------+---------------------+------------------------------------+


+------------------------------------------------------------------------------------+
; Flow OS Summary                                                                    ;
+----------------------+------------------+------------+------------+----------------+
; Module Name          ; Machine Hostname ; OS Name    ; OS Version ; Processor type ;
+----------------------+------------------+------------+------------+----------------+
; Analysis & Synthesis ; FPGA-LZ          ; Windows 10 ; 10.0       ; x86_64         ;
; Fitter               ; FPGA-LZ          ; Windows 10 ; 10.0       ; x86_64         ;
; Assembler            ; FPGA-LZ          ; Windows 10 ; 10.0       ; x86_64         ;
; Timing Analyzer      ; FPGA-LZ          ; Windows 10 ; 10.0       ; x86_64         ;
; EDA Netlist Writer   ; FPGA-LZ          ; Windows 10 ; 10.0       ; x86_64         ;
+----------------------+------------------+------------+------------+----------------+


------------
; Flow Log ;
------------
quartus_map --read_settings_files=on --write_settings_files=off ov5640_sdram_vga -c ov5640_sdram_vga
quartus_fit --read_settings_files=off --write_settings_files=off ov5640_sdram_vga -c ov5640_sdram_vga
quartus_asm --read_settings_files=off --write_settings_files=off ov5640_sdram_vga -c ov5640_sdram_vga
quartus_sta ov5640_sdram_vga -c ov5640_sdram_vga
quartus_eda --read_settings_files=off --write_settings_files=off ov5640_sdram_vga -c ov5640_sdram_vga



