Flow report for mult_top
Thu Jul 22 22:04:32 2021
Quartus Prime Version 18.1.0 Build 625 09/12/2018 SJ Standard Edition


---------------------
; Table of Contents ;
---------------------
  1. Legal Notice
  2. Flow Summary
  3. Flow Settings
  4. Flow Non-Default Global Settings
  5. Flow Elapsed Time
  6. Flow OS Summary
  7. Flow Log
  8. Flow Messages
  9. Flow Suppressed Messages



----------------
; Legal Notice ;
----------------
Copyright (C) 2018  Intel Corporation. All rights reserved.
Your use of Intel Corporation's design tools, logic functions 
and other software and tools, and its AMPP partner logic 
functions, and any output files from any of the foregoing 
(including device programming or simulation files), and any 
associated documentation or information are expressly subject 
to the terms and conditions of the Intel Program License 
Subscription Agreement, the Intel Quartus Prime License Agreement,
the Intel FPGA IP License Agreement, or other applicable license
agreement, including, without limitation, that your use is for
the sole purpose of programming logic devices manufactured by
Intel and sold by Intel or its authorized distributors.  Please
refer to the applicable agreement for further details.



+--------------------------------------------------------------------------------------+
; Flow Summary                                                                         ;
+------------------------------------+-------------------------------------------------+
; Flow Status                        ; Successful - Thu Jul 22 22:04:32 2021           ;
; Quartus Prime Version              ; 18.1.0 Build 625 09/12/2018 SJ Standard Edition ;
; Revision Name                      ; mult_top                                        ;
; Top-level Entity Name              ; mult_top                                        ;
; Family                             ; Cyclone IV E                                    ;
; Device                             ; EP4CE6F17C8                                     ;
; Timing Models                      ; Final                                           ;
; Total logic elements               ; 5,067 / 6,272 ( 81 % )                          ;
;     Total combinational functions  ; 3,269 / 6,272 ( 52 % )                          ;
;     Dedicated logic registers      ; 4,217 / 6,272 ( 67 % )                          ;
; Total registers                    ; 4217                                            ;
; Total pins                         ; 2 / 180 ( 1 % )                                 ;
; Total virtual pins                 ; 0                                               ;
; Total memory bits                  ; 16,512 / 276,480 ( 6 % )                        ;
; Embedded Multiplier 9-bit elements ; 0 / 30 ( 0 % )                                  ;
; Total PLLs                         ; 1 / 2 ( 50 % )                                  ;
+------------------------------------+-------------------------------------------------+


+-----------------------------------------+
; Flow Settings                           ;
+-------------------+---------------------+
; Option            ; Setting             ;
+-------------------+---------------------+
; Start date & time ; 07/22/2021 22:03:09 ;
; Main task         ; Compilation         ;
; Revision Name     ; mult_top            ;
+-------------------+---------------------+


+--------------------------------------------------------------------------------------------------------------------------------------------------------------------------------------------------------------------------------------------------------------------------------------------------------------------------------------------------------------------------------------------------------------------------------------------------------------------------------------------------------------------------------------+
; Flow Non-Default Global Settings                                                                                                                                                                                                                                                                                                                                                                                                                                                                                                     ;
+--------------------------------------+---------------------------------------------------------------------------------------------------------------------------------------------------------------------------------------------------------------------------------------------------------------------------------------------------------------------------------------------------------------------------------------------------------------------------------------------+---------------+-------------+-------------------+
; Assignment Name                      ; Value                                                                                                                                                                                                                                                                                                                                                                                                                                       ; Default Value ; Entity Name ; Section Id        ;
+--------------------------------------+---------------------------------------------------------------------------------------------------------------------------------------------------------------------------------------------------------------------------------------------------------------------------------------------------------------------------------------------------------------------------------------------------------------------------------------------+---------------+-------------+-------------------+
; COMPILER_SIGNATURE_ID                ; 345052807169.162696258930708                                                                                                                                                                                                                                                                                                                                                                                                                ; --            ; --          ; --                ;
; EDA_DESIGN_INSTANCE_NAME             ; NA                                                                                                                                                                                                                                                                                                                                                                                                                                          ; --            ; --          ; mult_shift_add_tb ;
; EDA_NATIVELINK_SIMULATION_TEST_BENCH ; mult_shift_add_tb                                                                                                                                                                                                                                                                                                                                                                                                                           ; --            ; --          ; eda_simulation    ;
; EDA_NETLIST_WRITER_OUTPUT_DIR        ; C:/Users/FPGA/Desktop/mult_32b_unsigned/sim                                                                                                                                                                                                                                                                                                                                                                                                 ; --            ; --          ; eda_simulation    ;
; EDA_OUTPUT_DATA_FORMAT               ; Verilog Hdl                                                                                                                                                                                                                                                                                                                                                                                                                                 ; --            ; --          ; eda_simulation    ;
; EDA_SIMULATION_TOOL                  ; ModelSim-Altera (Verilog)                                                                                                                                                                                                                                                                                                                                                                                                                   ; <None>        ; --          ; --                ;
; EDA_TEST_BENCH_ENABLE_STATUS         ; TEST_BENCH_MODE                                                                                                                                                                                                                                                                                                                                                                                                                             ; --            ; --          ; eda_simulation    ;
; EDA_TEST_BENCH_FILE                  ; ../sim/mult_shift_add_tb.v                                                                                                                                                                                                                                                                                                                                                                                                                  ; --            ; --          ; mult_shift_add_tb ;
; EDA_TEST_BENCH_MODULE_NAME           ; mult_shift_add_tb                                                                                                                                                                                                                                                                                                                                                                                                                           ; --            ; --          ; mult_shift_add_tb ;
; EDA_TEST_BENCH_NAME                  ; mult_shift_add_tb                                                                                                                                                                                                                                                                                                                                                                                                                           ; --            ; --          ; eda_simulation    ;
; EDA_TIME_SCALE                       ; 1 ps                                                                                                                                                                                                                                                                                                                                                                                                                                        ; --            ; --          ; eda_simulation    ;
; ENABLE_SIGNALTAP                     ; On                                                                                                                                                                                                                                                                                                                                                                                                                                          ; --            ; --          ; --                ;
; MAX_CORE_JUNCTION_TEMP               ; 85                                                                                                                                                                                                                                                                                                                                                                                                                                          ; --            ; --          ; --                ;
; MIN_CORE_JUNCTION_TEMP               ; 0                                                                                                                                                                                                                                                                                                                                                                                                                                           ; --            ; --          ; --                ;
; MISC_FILE                            ; ../ip/pll_bb.v                                                                                                                                                                                                                                                                                                                                                                                                                              ; --            ; --          ; --                ;
; MISC_FILE                            ; ../ip/pll.ppf                                                                                                                                                                                                                                                                                                                                                                                                                               ; --            ; --          ; --                ;
; PARTITION_COLOR                      ; -- (Not supported for targeted family)                                                                                                                                                                                                                                                                                                                                                                                                      ; --            ; --          ; Top               ;
; PARTITION_FITTER_PRESERVATION_LEVEL  ; -- (Not supported for targeted family)                                                                                                                                                                                                                                                                                                                                                                                                      ; --            ; --          ; Top               ;
; PARTITION_NETLIST_TYPE               ; -- (Not supported for targeted family)                                                                                                                                                                                                                                                                                                                                                                                                      ; --            ; --          ; Top               ;
; POWER_BOARD_THERMAL_MODEL            ; None (CONSERVATIVE)                                                                                                                                                                                                                                                                                                                                                                                                                         ; --            ; --          ; --                ;
; POWER_PRESET_COOLING_SOLUTION        ; 23 MM HEAT SINK WITH 200 LFPM AIRFLOW                                                                                                                                                                                                                                                                                                                                                                                                       ; --            ; --          ; --                ;
; PROJECT_OUTPUT_DIRECTORY             ; output_files                                                                                                                                                                                                                                                                                                                                                                                                                                ; --            ; --          ; --                ;
; SLD_FILE                             ; db/stp1_auto_stripped.stp                                                                                                                                                                                                                                                                                                                                                                                                                   ; --            ; --          ; --                ;
; SLD_NODE_CREATOR_ID                  ; 110                                                                                                                                                                                                                                                                                                                                                                                                                                         ; --            ; --          ; auto_signaltap_0  ;
; SLD_NODE_ENTITY_NAME                 ; sld_signaltap                                                                                                                                                                                                                                                                                                                                                                                                                               ; --            ; --          ; auto_signaltap_0  ;
; SLD_NODE_PARAMETER_ASSIGNMENT        ; SLD_RAM_BLOCK_TYPE=AUTO                                                                                                                                                                                                                                                                                                                                                                                                                     ; --            ; --          ; auto_signaltap_0  ;
; SLD_NODE_PARAMETER_ASSIGNMENT        ; SLD_NODE_INFO=805334528                                                                                                                                                                                                                                                                                                                                                                                                                     ; --            ; --          ; auto_signaltap_0  ;
; SLD_NODE_PARAMETER_ASSIGNMENT        ; SLD_POWER_UP_TRIGGER=0                                                                                                                                                                                                                                                                                                                                                                                                                      ; --            ; --          ; auto_signaltap_0  ;
; SLD_NODE_PARAMETER_ASSIGNMENT        ; SLD_STORAGE_QUALIFIER_INVERSION_MASK_LENGTH=0                                                                                                                                                                                                                                                                                                                                                                                               ; --            ; --          ; auto_signaltap_0  ;
; SLD_NODE_PARAMETER_ASSIGNMENT        ; SLD_SEGMENT_SIZE=128                                                                                                                                                                                                                                                                                                                                                                                                                        ; --            ; --          ; auto_signaltap_0  ;
; SLD_NODE_PARAMETER_ASSIGNMENT        ; SLD_ATTRIBUTE_MEM_MODE=OFF                                                                                                                                                                                                                                                                                                                                                                                                                  ; --            ; --          ; auto_signaltap_0  ;
; SLD_NODE_PARAMETER_ASSIGNMENT        ; SLD_STATE_FLOW_USE_GENERATED=0                                                                                                                                                                                                                                                                                                                                                                                                              ; --            ; --          ; auto_signaltap_0  ;
; SLD_NODE_PARAMETER_ASSIGNMENT        ; SLD_STATE_BITS=11                                                                                                                                                                                                                                                                                                                                                                                                                           ; --            ; --          ; auto_signaltap_0  ;
; SLD_NODE_PARAMETER_ASSIGNMENT        ; SLD_BUFFER_FULL_STOP=1                                                                                                                                                                                                                                                                                                                                                                                                                      ; --            ; --          ; auto_signaltap_0  ;
; SLD_NODE_PARAMETER_ASSIGNMENT        ; SLD_CURRENT_RESOURCE_WIDTH=1                                                                                                                                                                                                                                                                                                                                                                                                                ; --            ; --          ; auto_signaltap_0  ;
; SLD_NODE_PARAMETER_ASSIGNMENT        ; SLD_INCREMENTAL_ROUTING=1                                                                                                                                                                                                                                                                                                                                                                                                                   ; --            ; --          ; auto_signaltap_0  ;
; SLD_NODE_PARAMETER_ASSIGNMENT        ; SLD_TRIGGER_LEVEL=1                                                                                                                                                                                                                                                                                                                                                                                                                         ; --            ; --          ; auto_signaltap_0  ;
; SLD_NODE_PARAMETER_ASSIGNMENT        ; SLD_SAMPLE_DEPTH=128                                                                                                                                                                                                                                                                                                                                                                                                                        ; --            ; --          ; auto_signaltap_0  ;
; SLD_NODE_PARAMETER_ASSIGNMENT        ; SLD_TRIGGER_IN_ENABLED=0                                                                                                                                                                                                                                                                                                                                                                                                                    ; --            ; --          ; auto_signaltap_0  ;
; SLD_NODE_PARAMETER_ASSIGNMENT        ; SLD_TRIGGER_PIPELINE=0                                                                                                                                                                                                                                                                                                                                                                                                                      ; --            ; --          ; auto_signaltap_0  ;
; SLD_NODE_PARAMETER_ASSIGNMENT        ; SLD_RAM_PIPELINE=0                                                                                                                                                                                                                                                                                                                                                                                                                          ; --            ; --          ; auto_signaltap_0  ;
; SLD_NODE_PARAMETER_ASSIGNMENT        ; SLD_COUNTER_PIPELINE=0                                                                                                                                                                                                                                                                                                                                                                                                                      ; --            ; --          ; auto_signaltap_0  ;
; SLD_NODE_PARAMETER_ASSIGNMENT        ; SLD_ADVANCED_TRIGGER_ENTITY=basic,1,                                                                                                                                                                                                                                                                                                                                                                                                        ; --            ; --          ; auto_signaltap_0  ;
; SLD_NODE_PARAMETER_ASSIGNMENT        ; SLD_TRIGGER_LEVEL_PIPELINE=1                                                                                                                                                                                                                                                                                                                                                                                                                ; --            ; --          ; auto_signaltap_0  ;
; SLD_NODE_PARAMETER_ASSIGNMENT        ; SLD_ENABLE_ADVANCED_TRIGGER=0                                                                                                                                                                                                                                                                                                                                                                                                               ; --            ; --          ; auto_signaltap_0  ;
; SLD_NODE_PARAMETER_ASSIGNMENT        ; SLD_DATA_BITS=129                                                                                                                                                                                                                                                                                                                                                                                                                           ; --            ; --          ; auto_signaltap_0  ;
; SLD_NODE_PARAMETER_ASSIGNMENT        ; SLD_TRIGGER_BITS=129                                                                                                                                                                                                                                                                                                                                                                                                                        ; --            ; --          ; auto_signaltap_0  ;
; SLD_NODE_PARAMETER_ASSIGNMENT        ; SLD_STORAGE_QUALIFIER_BITS=129                                                                                                                                                                                                                                                                                                                                                                                                              ; --            ; --          ; auto_signaltap_0  ;
; SLD_NODE_PARAMETER_ASSIGNMENT        ; SLD_INVERSION_MASK=000000000000000000000000000000000000000000000000000000000000000000000000000000000000000000000000000000000000000000000000000000000000000000000000000000000000000000000000000000000000000000000000000000000000000000000000000000000000000000000000000000000000000000000000000000000000000000000000000000000000000000000000000000000000000000000000000000000000000000000000000000000000000000000000000000000000000000000000 ; --            ; --          ; auto_signaltap_0  ;
; SLD_NODE_PARAMETER_ASSIGNMENT        ; SLD_INVERSION_MASK_LENGTH=408                                                                                                                                                                                                                                                                                                                                                                                                               ; --            ; --          ; auto_signaltap_0  ;
; USE_SIGNALTAP_FILE                   ; stp1.stp                                                                                                                                                                                                                                                                                                                                                                                                                                    ; --            ; --          ; --                ;
+--------------------------------------+---------------------------------------------------------------------------------------------------------------------------------------------------------------------------------------------------------------------------------------------------------------------------------------------------------------------------------------------------------------------------------------------------------------------------------------------+---------------+-------------+-------------------+


+--------------------------------------------------------------------------------------------------------------------------+
; Flow Elapsed Time                                                                                                        ;
+----------------------+--------------+-------------------------+---------------------+------------------------------------+
; Module Name          ; Elapsed Time ; Average Processors Used ; Peak Virtual Memory ; Total CPU Time (on all processors) ;
+----------------------+--------------+-------------------------+---------------------+------------------------------------+
; Analysis & Synthesis ; 00:00:35     ; 1.0                     ; 4880 MB             ; 00:00:57                           ;
; Fitter               ; 00:00:25     ; 1.2                     ; 5753 MB             ; 00:00:52                           ;
; Assembler            ; 00:00:02     ; 1.0                     ; 4685 MB             ; 00:00:02                           ;
; Timing Analyzer      ; 00:00:05     ; 1.3                     ; 4821 MB             ; 00:00:05                           ;
; EDA Netlist Writer   ; 00:00:08     ; 1.0                     ; 4688 MB             ; 00:00:08                           ;
; Total                ; 00:01:15     ; --                      ; --                  ; 00:02:04                           ;
+----------------------+--------------+-------------------------+---------------------+------------------------------------+


+-------------------------------------------------------------------------------------+
; Flow OS Summary                                                                     ;
+----------------------+-------------------+------------+------------+----------------+
; Module Name          ; Machine Hostname  ; OS Name    ; OS Version ; Processor type ;
+----------------------+-------------------+------------+------------+----------------+
; Analysis & Synthesis ; BananaSuper-XPS15 ; Windows 10 ; 10.0       ; x86_64         ;
; Fitter               ; BananaSuper-XPS15 ; Windows 10 ; 10.0       ; x86_64         ;
; Assembler            ; BananaSuper-XPS15 ; Windows 10 ; 10.0       ; x86_64         ;
; Timing Analyzer      ; BananaSuper-XPS15 ; Windows 10 ; 10.0       ; x86_64         ;
; EDA Netlist Writer   ; BananaSuper-XPS15 ; Windows 10 ; 10.0       ; x86_64         ;
+----------------------+-------------------+------------+------------+----------------+


------------
; Flow Log ;
------------
quartus_map --read_settings_files=on --write_settings_files=off mult_top -c mult_top
quartus_fit --read_settings_files=off --write_settings_files=off mult_top -c mult_top
quartus_asm --read_settings_files=off --write_settings_files=off mult_top -c mult_top
quartus_sta mult_top -c mult_top
quartus_eda --read_settings_files=off --write_settings_files=off mult_top -c mult_top



